<?xml version="1.0" encoding="UTF-8"?>
<!-- Generated by org.testng.reporters.JUnitReportReporter -->
<testsuite hostname="DESKTOP-148C48N" failures="0" tests="1000" name="testngFlag.Flag3" time="1.376" errors="0" timestamp="2022-06-04T17:52:00 IST" skipped="0">
  <testcase classname="testngFlag.Flag3" name="login" time="0.001"/>
  <system-out>
    <![CDATA[Inconsistent bug]]>
  </system-out>
  <testcase classname="testngFlag.Flag3" name="login" time="0.001"/>
  <system-out>
    <![CDATA[Inconsistent bug]]>
  </system-out>
  <testcase classname="testngFlag.Flag3" name="login" time="0.001"/>
  <system-out>
    <![CDATA[Inconsistent bug]]>
  </system-out>
  <testcase classname="testngFlag.Flag3" name="login" time="0.001"/>
  <system-out>
    <![CDATA[Inconsistent bug]]>
  </system-out>
  <testcase classname="testngFlag.Flag3" name="login" time="0.002"/>
  <system-out>
    <![CDATA[Inconsistent bug]]>
  </system-out>
  <testcase classname="testngFlag.Flag3" name="login" time="0.018"/>
  <system-out>
    <![CDATA[Inconsistent bug]]>
  </system-out>
  <testcase classname="testngFlag.Flag3" name="login" time="0.000"/>
  <system-out>
    <![CDATA[Inconsistent bug]]>
  </system-out>
  <testcase classname="testngFlag.Flag3" name="login" time="0.001"/>
  <system-out>
    <![CDATA[Inconsistent bug]]>
  </system-out>
  <testcase classname="testngFlag.Flag3" name="login" time="0.000"/>
  <system-out>
    <![CDATA[Inconsistent bug]]>
  </system-out>
  <testcase classname="testngFlag.Flag3" name="login" time="0.000"/>
  <system-out>
    <![CDATA[Inconsistent bug]]>
  </system-out>
  <testcase classname="testngFlag.Flag3" name="login" time="0.001"/>
  <system-out>
    <![CDATA[Inconsistent bug]]>
  </system-out>
  <testcase classname="testngFlag.Flag3" name="login" time="0.001"/>
  <system-out>
    <![CDATA[Inconsistent bug]]>
  </system-out>
  <testcase classname="testngFlag.Flag3" name="login" time="0.001"/>
  <system-out>
    <![CDATA[Inconsistent bug]]>
  </system-out>
  <testcase classname="testngFlag.Flag3" name="login" time="0.001"/>
  <system-out>
    <![CDATA[Inconsistent bug]]>
  </system-out>
  <testcase classname="testngFlag.Flag3" name="login" time="0.002"/>
  <system-out>
    <![CDATA[Inconsistent bug]]>
  </system-out>
  <testcase classname="testngFlag.Flag3" name="login" time="0.000"/>
  <system-out>
    <![CDATA[Inconsistent bug]]>
  </system-out>
  <testcase classname="testngFlag.Flag3" name="login" time="0.004"/>
  <system-out>
    <![CDATA[Inconsistent bug]]>
  </system-out>
  <testcase classname="testngFlag.Flag3" name="login" time="0.000"/>
  <system-out>
    <![CDATA[Inconsistent bug]]>
  </system-out>
  <testcase classname="testngFlag.Flag3" name="login" time="0.001"/>
  <system-out>
    <![CDATA[Inconsistent bug]]>
  </system-out>
  <testcase classname="testngFlag.Flag3" name="login" time="0.000"/>
  <system-out>
    <![CDATA[Inconsistent bug]]>
  </system-out>
  <testcase classname="testngFlag.Flag3" name="login" time="0.001"/>
  <system-out>
    <![CDATA[Inconsistent bug]]>
  </system-out>
  <testcase classname="testngFlag.Flag3" name="login" time="0.002"/>
  <system-out>
    <![CDATA[Inconsistent bug]]>
  </system-out>
  <testcase classname="testngFlag.Flag3" name="login" time="0.004"/>
  <system-out>
    <![CDATA[Inconsistent bug]]>
  </system-out>
  <testcase classname="testngFlag.Flag3" name="login" time="0.001"/>
  <system-out>
    <![CDATA[Inconsistent bug]]>
  </system-out>
  <testcase classname="testngFlag.Flag3" name="login" time="0.002"/>
  <system-out>
    <![CDATA[Inconsistent bug]]>
  </system-out>
  <testcase classname="testngFlag.Flag3" name="login" time="0.001"/>
  <system-out>
    <![CDATA[Inconsistent bug]]>
  </system-out>
  <testcase classname="testngFlag.Flag3" name="login" time="0.001"/>
  <system-out>
    <![CDATA[Inconsistent bug]]>
  </system-out>
  <testcase classname="testngFlag.Flag3" name="login" time="0.000"/>
  <system-out>
    <![CDATA[Inconsistent bug]]>
  </system-out>
  <testcase classname="testngFlag.Flag3" name="login" time="0.000"/>
  <system-out>
    <![CDATA[Inconsistent bug]]>
  </system-out>
  <testcase classname="testngFlag.Flag3" name="login" time="0.001"/>
  <system-out>
    <![CDATA[Inconsistent bug]]>
  </system-out>
  <testcase classname="testngFlag.Flag3" name="login" time="0.003"/>
  <system-out>
    <![CDATA[Inconsistent bug]]>
  </system-out>
  <testcase classname="testngFlag.Flag3" name="login" time="0.001"/>
  <system-out>
    <![CDATA[Inconsistent bug]]>
  </system-out>
  <testcase classname="testngFlag.Flag3" name="login" time="0.001"/>
  <system-out>
    <![CDATA[Inconsistent bug]]>
  </system-out>
  <testcase classname="testngFlag.Flag3" name="login" time="0.000"/>
  <system-out>
    <![CDATA[Inconsistent bug]]>
  </system-out>
  <testcase classname="testngFlag.Flag3" name="login" time="0.001"/>
  <system-out>
    <![CDATA[Inconsistent bug]]>
  </system-out>
  <testcase classname="testngFlag.Flag3" name="login" time="0.004"/>
  <system-out>
    <![CDATA[Inconsistent bug]]>
  </system-out>
  <testcase classname="testngFlag.Flag3" name="login" time="0.000"/>
  <system-out>
    <![CDATA[Inconsistent bug]]>
  </system-out>
  <testcase classname="testngFlag.Flag3" name="login" time="0.002"/>
  <system-out>
    <![CDATA[Inconsistent bug]]>
  </system-out>
  <testcase classname="testngFlag.Flag3" name="login" time="0.001"/>
  <system-out>
    <![CDATA[Inconsistent bug]]>
  </system-out>
  <testcase classname="testngFlag.Flag3" name="login" time="0.001"/>
  <system-out>
    <![CDATA[Inconsistent bug]]>
  </system-out>
  <testcase classname="testngFlag.Flag3" name="login" time="0.001"/>
  <system-out>
    <![CDATA[Inconsistent bug]]>
  </system-out>
  <testcase classname="testngFlag.Flag3" name="login" time="0.004"/>
  <system-out>
    <![CDATA[Inconsistent bug]]>
  </system-out>
  <testcase classname="testngFlag.Flag3" name="login" time="0.001"/>
  <system-out>
    <![CDATA[Inconsistent bug]]>
  </system-out>
  <testcase classname="testngFlag.Flag3" name="login" time="0.002"/>
  <system-out>
    <![CDATA[Inconsistent bug]]>
  </system-out>
  <testcase classname="testngFlag.Flag3" name="login" time="0.000"/>
  <system-out>
    <![CDATA[Inconsistent bug]]>
  </system-out>
  <testcase classname="testngFlag.Flag3" name="login" time="0.003"/>
  <system-out>
    <![CDATA[Inconsistent bug]]>
  </system-out>
  <testcase classname="testngFlag.Flag3" name="login" time="0.001"/>
  <system-out>
    <![CDATA[Inconsistent bug]]>
  </system-out>
  <testcase classname="testngFlag.Flag3" name="login" time="0.000"/>
  <system-out>
    <![CDATA[Inconsistent bug]]>
  </system-out>
  <testcase classname="testngFlag.Flag3" name="login" time="0.000"/>
  <system-out>
    <![CDATA[Inconsistent bug]]>
  </system-out>
  <testcase classname="testngFlag.Flag3" name="login" time="0.004"/>
  <system-out>
    <![CDATA[Inconsistent bug]]>
  </system-out>
  <testcase classname="testngFlag.Flag3" name="login" time="0.001"/>
  <system-out>
    <![CDATA[Inconsistent bug]]>
  </system-out>
  <testcase classname="testngFlag.Flag3" name="login" time="0.005"/>
  <system-out>
    <![CDATA[Inconsistent bug]]>
  </system-out>
  <testcase classname="testngFlag.Flag3" name="login" time="0.001"/>
  <system-out>
    <![CDATA[Inconsistent bug]]>
  </system-out>
  <testcase classname="testngFlag.Flag3" name="login" time="0.000"/>
  <system-out>
    <![CDATA[Inconsistent bug]]>
  </system-out>
  <testcase classname="testngFlag.Flag3" name="login" time="0.001"/>
  <system-out>
    <![CDATA[Inconsistent bug]]>
  </system-out>
  <testcase classname="testngFlag.Flag3" name="login" time="0.001"/>
  <system-out>
    <![CDATA[Inconsistent bug]]>
  </system-out>
  <testcase classname="testngFlag.Flag3" name="login" time="0.001"/>
  <system-out>
    <![CDATA[Inconsistent bug]]>
  </system-out>
  <testcase classname="testngFlag.Flag3" name="login" time="0.001"/>
  <system-out>
    <![CDATA[Inconsistent bug]]>
  </system-out>
  <testcase classname="testngFlag.Flag3" name="login" time="0.001"/>
  <system-out>
    <![CDATA[Inconsistent bug]]>
  </system-out>
  <testcase classname="testngFlag.Flag3" name="login" time="0.000"/>
  <system-out>
    <![CDATA[Inconsistent bug]]>
  </system-out>
  <testcase classname="testngFlag.Flag3" name="login" time="0.001"/>
  <system-out>
    <![CDATA[Inconsistent bug]]>
  </system-out>
  <testcase classname="testngFlag.Flag3" name="login" time="0.001"/>
  <system-out>
    <![CDATA[Inconsistent bug]]>
  </system-out>
  <testcase classname="testngFlag.Flag3" name="login" time="0.001"/>
  <system-out>
    <![CDATA[Inconsistent bug]]>
  </system-out>
  <testcase classname="testngFlag.Flag3" name="login" time="0.001"/>
  <system-out>
    <![CDATA[Inconsistent bug]]>
  </system-out>
  <testcase classname="testngFlag.Flag3" name="login" time="0.000"/>
  <system-out>
    <![CDATA[Inconsistent bug]]>
  </system-out>
  <testcase classname="testngFlag.Flag3" name="login" time="0.000"/>
  <system-out>
    <![CDATA[Inconsistent bug]]>
  </system-out>
  <testcase classname="testngFlag.Flag3" name="login" time="0.001"/>
  <system-out>
    <![CDATA[Inconsistent bug]]>
  </system-out>
  <testcase classname="testngFlag.Flag3" name="login" time="0.000"/>
  <system-out>
    <![CDATA[Inconsistent bug]]>
  </system-out>
  <testcase classname="testngFlag.Flag3" name="login" time="0.002"/>
  <system-out>
    <![CDATA[Inconsistent bug]]>
  </system-out>
  <testcase classname="testngFlag.Flag3" name="login" time="0.001"/>
  <system-out>
    <![CDATA[Inconsistent bug]]>
  </system-out>
  <testcase classname="testngFlag.Flag3" name="login" time="0.001"/>
  <system-out>
    <![CDATA[Inconsistent bug]]>
  </system-out>
  <testcase classname="testngFlag.Flag3" name="login" time="0.001"/>
  <system-out>
    <![CDATA[Inconsistent bug]]>
  </system-out>
  <testcase classname="testngFlag.Flag3" name="login" time="0.000"/>
  <system-out>
    <![CDATA[Inconsistent bug]]>
  </system-out>
  <testcase classname="testngFlag.Flag3" name="login" time="0.001"/>
  <system-out>
    <![CDATA[Inconsistent bug]]>
  </system-out>
  <testcase classname="testngFlag.Flag3" name="login" time="0.001"/>
  <system-out>
    <![CDATA[Inconsistent bug]]>
  </system-out>
  <testcase classname="testngFlag.Flag3" name="login" time="0.001"/>
  <system-out>
    <![CDATA[Inconsistent bug]]>
  </system-out>
  <testcase classname="testngFlag.Flag3" name="login" time="0.000"/>
  <system-out>
    <![CDATA[Inconsistent bug]]>
  </system-out>
  <testcase classname="testngFlag.Flag3" name="login" time="0.000"/>
  <system-out>
    <![CDATA[Inconsistent bug]]>
  </system-out>
  <testcase classname="testngFlag.Flag3" name="login" time="0.000"/>
  <system-out>
    <![CDATA[Inconsistent bug]]>
  </system-out>
  <testcase classname="testngFlag.Flag3" name="login" time="0.001"/>
  <system-out>
    <![CDATA[Inconsistent bug]]>
  </system-out>
  <testcase classname="testngFlag.Flag3" name="login" time="0.001"/>
  <system-out>
    <![CDATA[Inconsistent bug]]>
  </system-out>
  <testcase classname="testngFlag.Flag3" name="login" time="0.000"/>
  <system-out>
    <![CDATA[Inconsistent bug]]>
  </system-out>
  <testcase classname="testngFlag.Flag3" name="login" time="0.002"/>
  <system-out>
    <![CDATA[Inconsistent bug]]>
  </system-out>
  <testcase classname="testngFlag.Flag3" name="login" time="0.024"/>
  <system-out>
    <![CDATA[Inconsistent bug]]>
  </system-out>
  <testcase classname="testngFlag.Flag3" name="login" time="0.000"/>
  <system-out>
    <![CDATA[Inconsistent bug]]>
  </system-out>
  <testcase classname="testngFlag.Flag3" name="login" time="0.001"/>
  <system-out>
    <![CDATA[Inconsistent bug]]>
  </system-out>
  <testcase classname="testngFlag.Flag3" name="login" time="0.001"/>
  <system-out>
    <![CDATA[Inconsistent bug]]>
  </system-out>
  <testcase classname="testngFlag.Flag3" name="login" time="0.000"/>
  <system-out>
    <![CDATA[Inconsistent bug]]>
  </system-out>
  <testcase classname="testngFlag.Flag3" name="login" time="0.003"/>
  <system-out>
    <![CDATA[Inconsistent bug]]>
  </system-out>
  <testcase classname="testngFlag.Flag3" name="login" time="0.001"/>
  <system-out>
    <![CDATA[Inconsistent bug]]>
  </system-out>
  <testcase classname="testngFlag.Flag3" name="login" time="0.001"/>
  <system-out>
    <![CDATA[Inconsistent bug]]>
  </system-out>
  <testcase classname="testngFlag.Flag3" name="login" time="0.000"/>
  <system-out>
    <![CDATA[Inconsistent bug]]>
  </system-out>
  <testcase classname="testngFlag.Flag3" name="login" time="0.013"/>
  <system-out>
    <![CDATA[Inconsistent bug]]>
  </system-out>
  <testcase classname="testngFlag.Flag3" name="login" time="0.000"/>
  <system-out>
    <![CDATA[Inconsistent bug]]>
  </system-out>
  <testcase classname="testngFlag.Flag3" name="login" time="0.001"/>
  <system-out>
    <![CDATA[Inconsistent bug]]>
  </system-out>
  <testcase classname="testngFlag.Flag3" name="login" time="0.001"/>
  <system-out>
    <![CDATA[Inconsistent bug]]>
  </system-out>
  <testcase classname="testngFlag.Flag3" name="login" time="0.001"/>
  <system-out>
    <![CDATA[Inconsistent bug]]>
  </system-out>
  <testcase classname="testngFlag.Flag3" name="login" time="0.000"/>
  <system-out>
    <![CDATA[Inconsistent bug]]>
  </system-out>
  <testcase classname="testngFlag.Flag3" name="login" time="0.002"/>
  <system-out>
    <![CDATA[Inconsistent bug]]>
  </system-out>
  <testcase classname="testngFlag.Flag3" name="login" time="0.001"/>
  <system-out>
    <![CDATA[Inconsistent bug]]>
  </system-out>
  <testcase classname="testngFlag.Flag3" name="login" time="0.001"/>
  <system-out>
    <![CDATA[Inconsistent bug]]>
  </system-out>
  <testcase classname="testngFlag.Flag3" name="login" time="0.001"/>
  <system-out>
    <![CDATA[Inconsistent bug]]>
  </system-out>
  <testcase classname="testngFlag.Flag3" name="login" time="0.001"/>
  <system-out>
    <![CDATA[Inconsistent bug]]>
  </system-out>
  <testcase classname="testngFlag.Flag3" name="login" time="0.000"/>
  <system-out>
    <![CDATA[Inconsistent bug]]>
  </system-out>
  <testcase classname="testngFlag.Flag3" name="login" time="0.001"/>
  <system-out>
    <![CDATA[Inconsistent bug]]>
  </system-out>
  <testcase classname="testngFlag.Flag3" name="login" time="0.003"/>
  <system-out>
    <![CDATA[Inconsistent bug]]>
  </system-out>
  <testcase classname="testngFlag.Flag3" name="login" time="0.002"/>
  <system-out>
    <![CDATA[Inconsistent bug]]>
  </system-out>
  <testcase classname="testngFlag.Flag3" name="login" time="0.007"/>
  <system-out>
    <![CDATA[Inconsistent bug]]>
  </system-out>
  <testcase classname="testngFlag.Flag3" name="login" time="0.000"/>
  <system-out>
    <![CDATA[Inconsistent bug]]>
  </system-out>
  <testcase classname="testngFlag.Flag3" name="login" time="0.002"/>
  <system-out>
    <![CDATA[Inconsistent bug]]>
  </system-out>
  <testcase classname="testngFlag.Flag3" name="login" time="0.001"/>
  <system-out>
    <![CDATA[Inconsistent bug]]>
  </system-out>
  <testcase classname="testngFlag.Flag3" name="login" time="0.000"/>
  <system-out>
    <![CDATA[Inconsistent bug]]>
  </system-out>
  <testcase classname="testngFlag.Flag3" name="login" time="0.002"/>
  <system-out>
    <![CDATA[Inconsistent bug]]>
  </system-out>
  <testcase classname="testngFlag.Flag3" name="login" time="0.001"/>
  <system-out>
    <![CDATA[Inconsistent bug]]>
  </system-out>
  <testcase classname="testngFlag.Flag3" name="login" time="0.001"/>
  <system-out>
    <![CDATA[Inconsistent bug]]>
  </system-out>
  <testcase classname="testngFlag.Flag3" name="login" time="0.000"/>
  <system-out>
    <![CDATA[Inconsistent bug]]>
  </system-out>
  <testcase classname="testngFlag.Flag3" name="login" time="0.003"/>
  <system-out>
    <![CDATA[Inconsistent bug]]>
  </system-out>
  <testcase classname="testngFlag.Flag3" name="login" time="0.000"/>
  <system-out>
    <![CDATA[Inconsistent bug]]>
  </system-out>
  <testcase classname="testngFlag.Flag3" name="login" time="0.002"/>
  <system-out>
    <![CDATA[Inconsistent bug]]>
  </system-out>
  <testcase classname="testngFlag.Flag3" name="login" time="0.003"/>
  <system-out>
    <![CDATA[Inconsistent bug]]>
  </system-out>
  <testcase classname="testngFlag.Flag3" name="login" time="0.006"/>
  <system-out>
    <![CDATA[Inconsistent bug]]>
  </system-out>
  <testcase classname="testngFlag.Flag3" name="login" time="0.001"/>
  <system-out>
    <![CDATA[Inconsistent bug]]>
  </system-out>
  <testcase classname="testngFlag.Flag3" name="login" time="0.003"/>
  <system-out>
    <![CDATA[Inconsistent bug]]>
  </system-out>
  <testcase classname="testngFlag.Flag3" name="login" time="0.000"/>
  <system-out>
    <![CDATA[Inconsistent bug]]>
  </system-out>
  <testcase classname="testngFlag.Flag3" name="login" time="0.001"/>
  <system-out>
    <![CDATA[Inconsistent bug]]>
  </system-out>
  <testcase classname="testngFlag.Flag3" name="login" time="0.000"/>
  <system-out>
    <![CDATA[Inconsistent bug]]>
  </system-out>
  <testcase classname="testngFlag.Flag3" name="login" time="0.001"/>
  <system-out>
    <![CDATA[Inconsistent bug]]>
  </system-out>
  <testcase classname="testngFlag.Flag3" name="login" time="0.001"/>
  <system-out>
    <![CDATA[Inconsistent bug]]>
  </system-out>
  <testcase classname="testngFlag.Flag3" name="login" time="0.001"/>
  <system-out>
    <![CDATA[Inconsistent bug]]>
  </system-out>
  <testcase classname="testngFlag.Flag3" name="login" time="0.001"/>
  <system-out>
    <![CDATA[Inconsistent bug]]>
  </system-out>
  <testcase classname="testngFlag.Flag3" name="login" time="0.001"/>
  <system-out>
    <![CDATA[Inconsistent bug]]>
  </system-out>
  <testcase classname="testngFlag.Flag3" name="login" time="0.001"/>
  <system-out>
    <![CDATA[Inconsistent bug]]>
  </system-out>
  <testcase classname="testngFlag.Flag3" name="login" time="0.001"/>
  <system-out>
    <![CDATA[Inconsistent bug]]>
  </system-out>
  <testcase classname="testngFlag.Flag3" name="login" time="0.001"/>
  <system-out>
    <![CDATA[Inconsistent bug]]>
  </system-out>
  <testcase classname="testngFlag.Flag3" name="login" time="0.001"/>
  <system-out>
    <![CDATA[Inconsistent bug]]>
  </system-out>
  <testcase classname="testngFlag.Flag3" name="login" time="0.001"/>
  <system-out>
    <![CDATA[Inconsistent bug]]>
  </system-out>
  <testcase classname="testngFlag.Flag3" name="login" time="0.001"/>
  <system-out>
    <![CDATA[Inconsistent bug]]>
  </system-out>
  <testcase classname="testngFlag.Flag3" name="login" time="0.000"/>
  <system-out>
    <![CDATA[Inconsistent bug]]>
  </system-out>
  <testcase classname="testngFlag.Flag3" name="login" time="0.001"/>
  <system-out>
    <![CDATA[Inconsistent bug]]>
  </system-out>
  <testcase classname="testngFlag.Flag3" name="login" time="0.002"/>
  <system-out>
    <![CDATA[Inconsistent bug]]>
  </system-out>
  <testcase classname="testngFlag.Flag3" name="login" time="0.001"/>
  <system-out>
    <![CDATA[Inconsistent bug]]>
  </system-out>
  <testcase classname="testngFlag.Flag3" name="login" time="0.000"/>
  <system-out>
    <![CDATA[Inconsistent bug]]>
  </system-out>
  <testcase classname="testngFlag.Flag3" name="login" time="0.002"/>
  <system-out>
    <![CDATA[Inconsistent bug]]>
  </system-out>
  <testcase classname="testngFlag.Flag3" name="login" time="0.001"/>
  <system-out>
    <![CDATA[Inconsistent bug]]>
  </system-out>
  <testcase classname="testngFlag.Flag3" name="login" time="0.000"/>
  <system-out>
    <![CDATA[Inconsistent bug]]>
  </system-out>
  <testcase classname="testngFlag.Flag3" name="login" time="0.001"/>
  <system-out>
    <![CDATA[Inconsistent bug]]>
  </system-out>
  <testcase classname="testngFlag.Flag3" name="login" time="0.008"/>
  <system-out>
    <![CDATA[Inconsistent bug]]>
  </system-out>
  <testcase classname="testngFlag.Flag3" name="login" time="0.000"/>
  <system-out>
    <![CDATA[Inconsistent bug]]>
  </system-out>
  <testcase classname="testngFlag.Flag3" name="login" time="0.001"/>
  <system-out>
    <![CDATA[Inconsistent bug]]>
  </system-out>
  <testcase classname="testngFlag.Flag3" name="login" time="0.001"/>
  <system-out>
    <![CDATA[Inconsistent bug]]>
  </system-out>
  <testcase classname="testngFlag.Flag3" name="login" time="0.001"/>
  <system-out>
    <![CDATA[Inconsistent bug]]>
  </system-out>
  <testcase classname="testngFlag.Flag3" name="login" time="0.000"/>
  <system-out>
    <![CDATA[Inconsistent bug]]>
  </system-out>
  <testcase classname="testngFlag.Flag3" name="login" time="0.001"/>
  <system-out>
    <![CDATA[Inconsistent bug]]>
  </system-out>
  <testcase classname="testngFlag.Flag3" name="login" time="0.010"/>
  <system-out>
    <![CDATA[Inconsistent bug]]>
  </system-out>
  <testcase classname="testngFlag.Flag3" name="login" time="0.001"/>
  <system-out>
    <![CDATA[Inconsistent bug]]>
  </system-out>
  <testcase classname="testngFlag.Flag3" name="login" time="0.001"/>
  <system-out>
    <![CDATA[Inconsistent bug]]>
  </system-out>
  <testcase classname="testngFlag.Flag3" name="login" time="0.004"/>
  <system-out>
    <![CDATA[Inconsistent bug]]>
  </system-out>
  <testcase classname="testngFlag.Flag3" name="login" time="0.001"/>
  <system-out>
    <![CDATA[Inconsistent bug]]>
  </system-out>
  <testcase classname="testngFlag.Flag3" name="login" time="0.000"/>
  <system-out>
    <![CDATA[Inconsistent bug]]>
  </system-out>
  <testcase classname="testngFlag.Flag3" name="login" time="0.001"/>
  <system-out>
    <![CDATA[Inconsistent bug]]>
  </system-out>
  <testcase classname="testngFlag.Flag3" name="login" time="0.001"/>
  <system-out>
    <![CDATA[Inconsistent bug]]>
  </system-out>
  <testcase classname="testngFlag.Flag3" name="login" time="0.000"/>
  <system-out>
    <![CDATA[Inconsistent bug]]>
  </system-out>
  <testcase classname="testngFlag.Flag3" name="login" time="0.001"/>
  <system-out>
    <![CDATA[Inconsistent bug]]>
  </system-out>
  <testcase classname="testngFlag.Flag3" name="login" time="0.123"/>
  <system-out>
    <![CDATA[Inconsistent bug]]>
  </system-out>
  <testcase classname="testngFlag.Flag3" name="login" time="0.004"/>
  <system-out>
    <![CDATA[Inconsistent bug]]>
  </system-out>
  <testcase classname="testngFlag.Flag3" name="login" time="0.000"/>
  <system-out>
    <![CDATA[Inconsistent bug]]>
  </system-out>
  <testcase classname="testngFlag.Flag3" name="login" time="0.000"/>
  <system-out>
    <![CDATA[Inconsistent bug]]>
  </system-out>
  <testcase classname="testngFlag.Flag3" name="login" time="0.003"/>
  <system-out>
    <![CDATA[Inconsistent bug]]>
  </system-out>
  <testcase classname="testngFlag.Flag3" name="login" time="0.001"/>
  <system-out>
    <![CDATA[Inconsistent bug]]>
  </system-out>
  <testcase classname="testngFlag.Flag3" name="login" time="0.000"/>
  <system-out>
    <![CDATA[Inconsistent bug]]>
  </system-out>
  <testcase classname="testngFlag.Flag3" name="login" time="0.002"/>
  <system-out>
    <![CDATA[Inconsistent bug]]>
  </system-out>
  <testcase classname="testngFlag.Flag3" name="login" time="0.000"/>
  <system-out>
    <![CDATA[Inconsistent bug]]>
  </system-out>
  <testcase classname="testngFlag.Flag3" name="login" time="0.001"/>
  <system-out>
    <![CDATA[Inconsistent bug]]>
  </system-out>
  <testcase classname="testngFlag.Flag3" name="login" time="0.000"/>
  <system-out>
    <![CDATA[Inconsistent bug]]>
  </system-out>
  <testcase classname="testngFlag.Flag3" name="login" time="0.001"/>
  <system-out>
    <![CDATA[Inconsistent bug]]>
  </system-out>
  <testcase classname="testngFlag.Flag3" name="login" time="0.001"/>
  <system-out>
    <![CDATA[Inconsistent bug]]>
  </system-out>
  <testcase classname="testngFlag.Flag3" name="login" time="0.001"/>
  <system-out>
    <![CDATA[Inconsistent bug]]>
  </system-out>
  <testcase classname="testngFlag.Flag3" name="login" time="0.001"/>
  <system-out>
    <![CDATA[Inconsistent bug]]>
  </system-out>
  <testcase classname="testngFlag.Flag3" name="login" time="0.001"/>
  <system-out>
    <![CDATA[Inconsistent bug]]>
  </system-out>
  <testcase classname="testngFlag.Flag3" name="login" time="0.000"/>
  <system-out>
    <![CDATA[Inconsistent bug]]>
  </system-out>
  <testcase classname="testngFlag.Flag3" name="login" time="0.000"/>
  <system-out>
    <![CDATA[Inconsistent bug]]>
  </system-out>
  <testcase classname="testngFlag.Flag3" name="login" time="0.001"/>
  <system-out>
    <![CDATA[Inconsistent bug]]>
  </system-out>
  <testcase classname="testngFlag.Flag3" name="login" time="0.001"/>
  <system-out>
    <![CDATA[Inconsistent bug]]>
  </system-out>
  <testcase classname="testngFlag.Flag3" name="login" time="0.000"/>
  <system-out>
    <![CDATA[Inconsistent bug]]>
  </system-out>
  <testcase classname="testngFlag.Flag3" name="login" time="0.000"/>
  <system-out>
    <![CDATA[Inconsistent bug]]>
  </system-out>
  <testcase classname="testngFlag.Flag3" name="login" time="0.001"/>
  <system-out>
    <![CDATA[Inconsistent bug]]>
  </system-out>
  <testcase classname="testngFlag.Flag3" name="login" time="0.000"/>
  <system-out>
    <![CDATA[Inconsistent bug]]>
  </system-out>
  <testcase classname="testngFlag.Flag3" name="login" time="0.001"/>
  <system-out>
    <![CDATA[Inconsistent bug]]>
  </system-out>
  <testcase classname="testngFlag.Flag3" name="login" time="0.002"/>
  <system-out>
    <![CDATA[Inconsistent bug]]>
  </system-out>
  <testcase classname="testngFlag.Flag3" name="login" time="0.000"/>
  <system-out>
    <![CDATA[Inconsistent bug]]>
  </system-out>
  <testcase classname="testngFlag.Flag3" name="login" time="0.000"/>
  <system-out>
    <![CDATA[Inconsistent bug]]>
  </system-out>
  <testcase classname="testngFlag.Flag3" name="login" time="0.000"/>
  <system-out>
    <![CDATA[Inconsistent bug]]>
  </system-out>
  <testcase classname="testngFlag.Flag3" name="login" time="0.000"/>
  <system-out>
    <![CDATA[Inconsistent bug]]>
  </system-out>
  <testcase classname="testngFlag.Flag3" name="login" time="0.001"/>
  <system-out>
    <![CDATA[Inconsistent bug]]>
  </system-out>
  <testcase classname="testngFlag.Flag3" name="login" time="0.002"/>
  <system-out>
    <![CDATA[Inconsistent bug]]>
  </system-out>
  <testcase classname="testngFlag.Flag3" name="login" time="0.002"/>
  <system-out>
    <![CDATA[Inconsistent bug]]>
  </system-out>
  <testcase classname="testngFlag.Flag3" name="login" time="0.001"/>
  <system-out>
    <![CDATA[Inconsistent bug]]>
  </system-out>
  <testcase classname="testngFlag.Flag3" name="login" time="0.001"/>
  <system-out>
    <![CDATA[Inconsistent bug]]>
  </system-out>
  <testcase classname="testngFlag.Flag3" name="login" time="0.001"/>
  <system-out>
    <![CDATA[Inconsistent bug]]>
  </system-out>
  <testcase classname="testngFlag.Flag3" name="login" time="0.002"/>
  <system-out>
    <![CDATA[Inconsistent bug]]>
  </system-out>
  <testcase classname="testngFlag.Flag3" name="login" time="0.001"/>
  <system-out>
    <![CDATA[Inconsistent bug]]>
  </system-out>
  <testcase classname="testngFlag.Flag3" name="login" time="0.002"/>
  <system-out>
    <![CDATA[Inconsistent bug]]>
  </system-out>
  <testcase classname="testngFlag.Flag3" name="login" time="0.002"/>
  <system-out>
    <![CDATA[Inconsistent bug]]>
  </system-out>
  <testcase classname="testngFlag.Flag3" name="login" time="0.000"/>
  <system-out>
    <![CDATA[Inconsistent bug]]>
  </system-out>
  <testcase classname="testngFlag.Flag3" name="login" time="0.001"/>
  <system-out>
    <![CDATA[Inconsistent bug]]>
  </system-out>
  <testcase classname="testngFlag.Flag3" name="login" time="0.002"/>
  <system-out>
    <![CDATA[Inconsistent bug]]>
  </system-out>
  <testcase classname="testngFlag.Flag3" name="login" time="0.001"/>
  <system-out>
    <![CDATA[Inconsistent bug]]>
  </system-out>
  <testcase classname="testngFlag.Flag3" name="login" time="0.002"/>
  <system-out>
    <![CDATA[Inconsistent bug]]>
  </system-out>
  <testcase classname="testngFlag.Flag3" name="login" time="0.001"/>
  <system-out>
    <![CDATA[Inconsistent bug]]>
  </system-out>
  <testcase classname="testngFlag.Flag3" name="login" time="0.001"/>
  <system-out>
    <![CDATA[Inconsistent bug]]>
  </system-out>
  <testcase classname="testngFlag.Flag3" name="login" time="0.002"/>
  <system-out>
    <![CDATA[Inconsistent bug]]>
  </system-out>
  <testcase classname="testngFlag.Flag3" name="login" time="0.005"/>
  <system-out>
    <![CDATA[Inconsistent bug]]>
  </system-out>
  <testcase classname="testngFlag.Flag3" name="login" time="0.000"/>
  <system-out>
    <![CDATA[Inconsistent bug]]>
  </system-out>
  <testcase classname="testngFlag.Flag3" name="login" time="0.000"/>
  <system-out>
    <![CDATA[Inconsistent bug]]>
  </system-out>
  <testcase classname="testngFlag.Flag3" name="login" time="0.001"/>
  <system-out>
    <![CDATA[Inconsistent bug]]>
  </system-out>
  <testcase classname="testngFlag.Flag3" name="login" time="0.000"/>
  <system-out>
    <![CDATA[Inconsistent bug]]>
  </system-out>
  <testcase classname="testngFlag.Flag3" name="login" time="0.018"/>
  <system-out>
    <![CDATA[Inconsistent bug]]>
  </system-out>
  <testcase classname="testngFlag.Flag3" name="login" time="0.003"/>
  <system-out>
    <![CDATA[Inconsistent bug]]>
  </system-out>
  <testcase classname="testngFlag.Flag3" name="login" time="0.001"/>
  <system-out>
    <![CDATA[Inconsistent bug]]>
  </system-out>
  <testcase classname="testngFlag.Flag3" name="login" time="0.000"/>
  <system-out>
    <![CDATA[Inconsistent bug]]>
  </system-out>
  <testcase classname="testngFlag.Flag3" name="login" time="0.002"/>
  <system-out>
    <![CDATA[Inconsistent bug]]>
  </system-out>
  <testcase classname="testngFlag.Flag3" name="login" time="0.002"/>
  <system-out>
    <![CDATA[Inconsistent bug]]>
  </system-out>
  <testcase classname="testngFlag.Flag3" name="login" time="0.000"/>
  <system-out>
    <![CDATA[Inconsistent bug]]>
  </system-out>
  <testcase classname="testngFlag.Flag3" name="login" time="0.001"/>
  <system-out>
    <![CDATA[Inconsistent bug]]>
  </system-out>
  <testcase classname="testngFlag.Flag3" name="login" time="0.000"/>
  <system-out>
    <![CDATA[Inconsistent bug]]>
  </system-out>
  <testcase classname="testngFlag.Flag3" name="login" time="0.001"/>
  <system-out>
    <![CDATA[Inconsistent bug]]>
  </system-out>
  <testcase classname="testngFlag.Flag3" name="login" time="0.001"/>
  <system-out>
    <![CDATA[Inconsistent bug]]>
  </system-out>
  <testcase classname="testngFlag.Flag3" name="login" time="0.003"/>
  <system-out>
    <![CDATA[Inconsistent bug]]>
  </system-out>
  <testcase classname="testngFlag.Flag3" name="login" time="0.002"/>
  <system-out>
    <![CDATA[Inconsistent bug]]>
  </system-out>
  <testcase classname="testngFlag.Flag3" name="login" time="0.001"/>
  <system-out>
    <![CDATA[Inconsistent bug]]>
  </system-out>
  <testcase classname="testngFlag.Flag3" name="login" time="0.001"/>
  <system-out>
    <![CDATA[Inconsistent bug]]>
  </system-out>
  <testcase classname="testngFlag.Flag3" name="login" time="0.001"/>
  <system-out>
    <![CDATA[Inconsistent bug]]>
  </system-out>
  <testcase classname="testngFlag.Flag3" name="login" time="0.000"/>
  <system-out>
    <![CDATA[Inconsistent bug]]>
  </system-out>
  <testcase classname="testngFlag.Flag3" name="login" time="0.010"/>
  <system-out>
    <![CDATA[Inconsistent bug]]>
  </system-out>
  <testcase classname="testngFlag.Flag3" name="login" time="0.000"/>
  <system-out>
    <![CDATA[Inconsistent bug]]>
  </system-out>
  <testcase classname="testngFlag.Flag3" name="login" time="0.001"/>
  <system-out>
    <![CDATA[Inconsistent bug]]>
  </system-out>
  <testcase classname="testngFlag.Flag3" name="login" time="0.000"/>
  <system-out>
    <![CDATA[Inconsistent bug]]>
  </system-out>
  <testcase classname="testngFlag.Flag3" name="login" time="0.000"/>
  <system-out>
    <![CDATA[Inconsistent bug]]>
  </system-out>
  <testcase classname="testngFlag.Flag3" name="login" time="0.001"/>
  <system-out>
    <![CDATA[Inconsistent bug]]>
  </system-out>
  <testcase classname="testngFlag.Flag3" name="login" time="0.001"/>
  <system-out>
    <![CDATA[Inconsistent bug]]>
  </system-out>
  <testcase classname="testngFlag.Flag3" name="login" time="0.004"/>
  <system-out>
    <![CDATA[Inconsistent bug]]>
  </system-out>
  <testcase classname="testngFlag.Flag3" name="login" time="0.001"/>
  <system-out>
    <![CDATA[Inconsistent bug]]>
  </system-out>
  <testcase classname="testngFlag.Flag3" name="login" time="0.001"/>
  <system-out>
    <![CDATA[Inconsistent bug]]>
  </system-out>
  <testcase classname="testngFlag.Flag3" name="login" time="0.000"/>
  <system-out>
    <![CDATA[Inconsistent bug]]>
  </system-out>
  <testcase classname="testngFlag.Flag3" name="login" time="0.001"/>
  <system-out>
    <![CDATA[Inconsistent bug]]>
  </system-out>
  <testcase classname="testngFlag.Flag3" name="login" time="0.001"/>
  <system-out>
    <![CDATA[Inconsistent bug]]>
  </system-out>
  <testcase classname="testngFlag.Flag3" name="login" time="0.001"/>
  <system-out>
    <![CDATA[Inconsistent bug]]>
  </system-out>
  <testcase classname="testngFlag.Flag3" name="login" time="0.001"/>
  <system-out>
    <![CDATA[Inconsistent bug]]>
  </system-out>
  <testcase classname="testngFlag.Flag3" name="login" time="0.000"/>
  <system-out>
    <![CDATA[Inconsistent bug]]>
  </system-out>
  <testcase classname="testngFlag.Flag3" name="login" time="0.000"/>
  <system-out>
    <![CDATA[Inconsistent bug]]>
  </system-out>
  <testcase classname="testngFlag.Flag3" name="login" time="0.000"/>
  <system-out>
    <![CDATA[Inconsistent bug]]>
  </system-out>
  <testcase classname="testngFlag.Flag3" name="login" time="0.001"/>
  <system-out>
    <![CDATA[Inconsistent bug]]>
  </system-out>
  <testcase classname="testngFlag.Flag3" name="login" time="0.000"/>
  <system-out>
    <![CDATA[Inconsistent bug]]>
  </system-out>
  <testcase classname="testngFlag.Flag3" name="login" time="0.003"/>
  <system-out>
    <![CDATA[Inconsistent bug]]>
  </system-out>
  <testcase classname="testngFlag.Flag3" name="login" time="0.003"/>
  <system-out>
    <![CDATA[Inconsistent bug]]>
  </system-out>
  <testcase classname="testngFlag.Flag3" name="login" time="0.001"/>
  <system-out>
    <![CDATA[Inconsistent bug]]>
  </system-out>
  <testcase classname="testngFlag.Flag3" name="login" time="0.003"/>
  <system-out>
    <![CDATA[Inconsistent bug]]>
  </system-out>
  <testcase classname="testngFlag.Flag3" name="login" time="0.003"/>
  <system-out>
    <![CDATA[Inconsistent bug]]>
  </system-out>
  <testcase classname="testngFlag.Flag3" name="login" time="0.003"/>
  <system-out>
    <![CDATA[Inconsistent bug]]>
  </system-out>
  <testcase classname="testngFlag.Flag3" name="login" time="0.001"/>
  <system-out>
    <![CDATA[Inconsistent bug]]>
  </system-out>
  <testcase classname="testngFlag.Flag3" name="login" time="0.001"/>
  <system-out>
    <![CDATA[Inconsistent bug]]>
  </system-out>
  <testcase classname="testngFlag.Flag3" name="login" time="0.001"/>
  <system-out>
    <![CDATA[Inconsistent bug]]>
  </system-out>
  <testcase classname="testngFlag.Flag3" name="login" time="0.006"/>
  <system-out>
    <![CDATA[Inconsistent bug]]>
  </system-out>
  <testcase classname="testngFlag.Flag3" name="login" time="0.001"/>
  <system-out>
    <![CDATA[Inconsistent bug]]>
  </system-out>
  <testcase classname="testngFlag.Flag3" name="login" time="0.000"/>
  <system-out>
    <![CDATA[Inconsistent bug]]>
  </system-out>
  <testcase classname="testngFlag.Flag3" name="login" time="0.001"/>
  <system-out>
    <![CDATA[Inconsistent bug]]>
  </system-out>
  <testcase classname="testngFlag.Flag3" name="login" time="0.001"/>
  <system-out>
    <![CDATA[Inconsistent bug]]>
  </system-out>
  <testcase classname="testngFlag.Flag3" name="login" time="0.002"/>
  <system-out>
    <![CDATA[Inconsistent bug]]>
  </system-out>
  <testcase classname="testngFlag.Flag3" name="login" time="0.000"/>
  <system-out>
    <![CDATA[Inconsistent bug]]>
  </system-out>
  <testcase classname="testngFlag.Flag3" name="login" time="0.001"/>
  <system-out>
    <![CDATA[Inconsistent bug]]>
  </system-out>
  <testcase classname="testngFlag.Flag3" name="login" time="0.001"/>
  <system-out>
    <![CDATA[Inconsistent bug]]>
  </system-out>
  <testcase classname="testngFlag.Flag3" name="login" time="0.001"/>
  <system-out>
    <![CDATA[Inconsistent bug]]>
  </system-out>
  <testcase classname="testngFlag.Flag3" name="login" time="0.001"/>
  <system-out>
    <![CDATA[Inconsistent bug]]>
  </system-out>
  <testcase classname="testngFlag.Flag3" name="login" time="0.001"/>
  <system-out>
    <![CDATA[Inconsistent bug]]>
  </system-out>
  <testcase classname="testngFlag.Flag3" name="login" time="0.002"/>
  <system-out>
    <![CDATA[Inconsistent bug]]>
  </system-out>
  <testcase classname="testngFlag.Flag3" name="login" time="0.001"/>
  <system-out>
    <![CDATA[Inconsistent bug]]>
  </system-out>
  <testcase classname="testngFlag.Flag3" name="login" time="0.003"/>
  <system-out>
    <![CDATA[Inconsistent bug]]>
  </system-out>
  <testcase classname="testngFlag.Flag3" name="login" time="0.001"/>
  <system-out>
    <![CDATA[Inconsistent bug]]>
  </system-out>
  <testcase classname="testngFlag.Flag3" name="login" time="0.000"/>
  <system-out>
    <![CDATA[Inconsistent bug]]>
  </system-out>
  <testcase classname="testngFlag.Flag3" name="login" time="0.002"/>
  <system-out>
    <![CDATA[Inconsistent bug]]>
  </system-out>
  <testcase classname="testngFlag.Flag3" name="login" time="0.000"/>
  <system-out>
    <![CDATA[Inconsistent bug]]>
  </system-out>
  <testcase classname="testngFlag.Flag3" name="login" time="0.001"/>
  <system-out>
    <![CDATA[Inconsistent bug]]>
  </system-out>
  <testcase classname="testngFlag.Flag3" name="login" time="0.001"/>
  <system-out>
    <![CDATA[Inconsistent bug]]>
  </system-out>
  <testcase classname="testngFlag.Flag3" name="login" time="0.001"/>
  <system-out>
    <![CDATA[Inconsistent bug]]>
  </system-out>
  <testcase classname="testngFlag.Flag3" name="login" time="0.001"/>
  <system-out>
    <![CDATA[Inconsistent bug]]>
  </system-out>
  <testcase classname="testngFlag.Flag3" name="login" time="0.015"/>
  <system-out>
    <![CDATA[Inconsistent bug]]>
  </system-out>
  <testcase classname="testngFlag.Flag3" name="login" time="0.002"/>
  <system-out>
    <![CDATA[Inconsistent bug]]>
  </system-out>
  <testcase classname="testngFlag.Flag3" name="login" time="0.003"/>
  <system-out>
    <![CDATA[Inconsistent bug]]>
  </system-out>
  <testcase classname="testngFlag.Flag3" name="login" time="0.001"/>
  <system-out>
    <![CDATA[Inconsistent bug]]>
  </system-out>
  <testcase classname="testngFlag.Flag3" name="login" time="0.001"/>
  <system-out>
    <![CDATA[Inconsistent bug]]>
  </system-out>
  <testcase classname="testngFlag.Flag3" name="login" time="0.001"/>
  <system-out>
    <![CDATA[Inconsistent bug]]>
  </system-out>
  <testcase classname="testngFlag.Flag3" name="login" time="0.001"/>
  <system-out>
    <![CDATA[Inconsistent bug]]>
  </system-out>
  <testcase classname="testngFlag.Flag3" name="login" time="0.001"/>
  <system-out>
    <![CDATA[Inconsistent bug]]>
  </system-out>
  <testcase classname="testngFlag.Flag3" name="login" time="0.000"/>
  <system-out>
    <![CDATA[Inconsistent bug]]>
  </system-out>
  <testcase classname="testngFlag.Flag3" name="login" time="0.001"/>
  <system-out>
    <![CDATA[Inconsistent bug]]>
  </system-out>
  <testcase classname="testngFlag.Flag3" name="login" time="0.001"/>
  <system-out>
    <![CDATA[Inconsistent bug]]>
  </system-out>
  <testcase classname="testngFlag.Flag3" name="login" time="0.002"/>
  <system-out>
    <![CDATA[Inconsistent bug]]>
  </system-out>
  <testcase classname="testngFlag.Flag3" name="login" time="0.000"/>
  <system-out>
    <![CDATA[Inconsistent bug]]>
  </system-out>
  <testcase classname="testngFlag.Flag3" name="login" time="0.000"/>
  <system-out>
    <![CDATA[Inconsistent bug]]>
  </system-out>
  <testcase classname="testngFlag.Flag3" name="login" time="0.001"/>
  <system-out>
    <![CDATA[Inconsistent bug]]>
  </system-out>
  <testcase classname="testngFlag.Flag3" name="login" time="0.001"/>
  <system-out>
    <![CDATA[Inconsistent bug]]>
  </system-out>
  <testcase classname="testngFlag.Flag3" name="login" time="0.001"/>
  <system-out>
    <![CDATA[Inconsistent bug]]>
  </system-out>
  <testcase classname="testngFlag.Flag3" name="login" time="0.001"/>
  <system-out>
    <![CDATA[Inconsistent bug]]>
  </system-out>
  <testcase classname="testngFlag.Flag3" name="login" time="0.001"/>
  <system-out>
    <![CDATA[Inconsistent bug]]>
  </system-out>
  <testcase classname="testngFlag.Flag3" name="login" time="0.000"/>
  <system-out>
    <![CDATA[Inconsistent bug]]>
  </system-out>
  <testcase classname="testngFlag.Flag3" name="login" time="0.001"/>
  <system-out>
    <![CDATA[Inconsistent bug]]>
  </system-out>
  <testcase classname="testngFlag.Flag3" name="login" time="0.000"/>
  <system-out>
    <![CDATA[Inconsistent bug]]>
  </system-out>
  <testcase classname="testngFlag.Flag3" name="login" time="0.001"/>
  <system-out>
    <![CDATA[Inconsistent bug]]>
  </system-out>
  <testcase classname="testngFlag.Flag3" name="login" time="0.000"/>
  <system-out>
    <![CDATA[Inconsistent bug]]>
  </system-out>
  <testcase classname="testngFlag.Flag3" name="login" time="0.001"/>
  <system-out>
    <![CDATA[Inconsistent bug]]>
  </system-out>
  <testcase classname="testngFlag.Flag3" name="login" time="0.001"/>
  <system-out>
    <![CDATA[Inconsistent bug]]>
  </system-out>
  <testcase classname="testngFlag.Flag3" name="login" time="0.000"/>
  <system-out>
    <![CDATA[Inconsistent bug]]>
  </system-out>
  <testcase classname="testngFlag.Flag3" name="login" time="0.002"/>
  <system-out>
    <![CDATA[Inconsistent bug]]>
  </system-out>
  <testcase classname="testngFlag.Flag3" name="login" time="0.001"/>
  <system-out>
    <![CDATA[Inconsistent bug]]>
  </system-out>
  <testcase classname="testngFlag.Flag3" name="login" time="0.002"/>
  <system-out>
    <![CDATA[Inconsistent bug]]>
  </system-out>
  <testcase classname="testngFlag.Flag3" name="login" time="0.002"/>
  <system-out>
    <![CDATA[Inconsistent bug]]>
  </system-out>
  <testcase classname="testngFlag.Flag3" name="login" time="0.002"/>
  <system-out>
    <![CDATA[Inconsistent bug]]>
  </system-out>
  <testcase classname="testngFlag.Flag3" name="login" time="0.001"/>
  <system-out>
    <![CDATA[Inconsistent bug]]>
  </system-out>
  <testcase classname="testngFlag.Flag3" name="login" time="0.000"/>
  <system-out>
    <![CDATA[Inconsistent bug]]>
  </system-out>
  <testcase classname="testngFlag.Flag3" name="login" time="0.001"/>
  <system-out>
    <![CDATA[Inconsistent bug]]>
  </system-out>
  <testcase classname="testngFlag.Flag3" name="login" time="0.001"/>
  <system-out>
    <![CDATA[Inconsistent bug]]>
  </system-out>
  <testcase classname="testngFlag.Flag3" name="login" time="0.004"/>
  <system-out>
    <![CDATA[Inconsistent bug]]>
  </system-out>
  <testcase classname="testngFlag.Flag3" name="login" time="0.001"/>
  <system-out>
    <![CDATA[Inconsistent bug]]>
  </system-out>
  <testcase classname="testngFlag.Flag3" name="login" time="0.000"/>
  <system-out>
    <![CDATA[Inconsistent bug]]>
  </system-out>
  <testcase classname="testngFlag.Flag3" name="login" time="0.001"/>
  <system-out>
    <![CDATA[Inconsistent bug]]>
  </system-out>
  <testcase classname="testngFlag.Flag3" name="login" time="0.001"/>
  <system-out>
    <![CDATA[Inconsistent bug]]>
  </system-out>
  <testcase classname="testngFlag.Flag3" name="login" time="0.000"/>
  <system-out>
    <![CDATA[Inconsistent bug]]>
  </system-out>
  <testcase classname="testngFlag.Flag3" name="login" time="0.000"/>
  <system-out>
    <![CDATA[Inconsistent bug]]>
  </system-out>
  <testcase classname="testngFlag.Flag3" name="login" time="0.001"/>
  <system-out>
    <![CDATA[Inconsistent bug]]>
  </system-out>
  <testcase classname="testngFlag.Flag3" name="login" time="0.002"/>
  <system-out>
    <![CDATA[Inconsistent bug]]>
  </system-out>
  <testcase classname="testngFlag.Flag3" name="login" time="0.001"/>
  <system-out>
    <![CDATA[Inconsistent bug]]>
  </system-out>
  <testcase classname="testngFlag.Flag3" name="login" time="0.004"/>
  <system-out>
    <![CDATA[Inconsistent bug]]>
  </system-out>
  <testcase classname="testngFlag.Flag3" name="login" time="0.001"/>
  <system-out>
    <![CDATA[Inconsistent bug]]>
  </system-out>
  <testcase classname="testngFlag.Flag3" name="login" time="0.001"/>
  <system-out>
    <![CDATA[Inconsistent bug]]>
  </system-out>
  <testcase classname="testngFlag.Flag3" name="login" time="0.001"/>
  <system-out>
    <![CDATA[Inconsistent bug]]>
  </system-out>
  <testcase classname="testngFlag.Flag3" name="login" time="0.001"/>
  <system-out>
    <![CDATA[Inconsistent bug]]>
  </system-out>
  <testcase classname="testngFlag.Flag3" name="login" time="0.000"/>
  <system-out>
    <![CDATA[Inconsistent bug]]>
  </system-out>
  <testcase classname="testngFlag.Flag3" name="login" time="0.000"/>
  <system-out>
    <![CDATA[Inconsistent bug]]>
  </system-out>
  <testcase classname="testngFlag.Flag3" name="login" time="0.000"/>
  <system-out>
    <![CDATA[Inconsistent bug]]>
  </system-out>
  <testcase classname="testngFlag.Flag3" name="login" time="0.001"/>
  <system-out>
    <![CDATA[Inconsistent bug]]>
  </system-out>
  <testcase classname="testngFlag.Flag3" name="login" time="0.001"/>
  <system-out>
    <![CDATA[Inconsistent bug]]>
  </system-out>
  <testcase classname="testngFlag.Flag3" name="login" time="0.001"/>
  <system-out>
    <![CDATA[Inconsistent bug]]>
  </system-out>
  <testcase classname="testngFlag.Flag3" name="login" time="0.001"/>
  <system-out>
    <![CDATA[Inconsistent bug]]>
  </system-out>
  <testcase classname="testngFlag.Flag3" name="login" time="0.001"/>
  <system-out>
    <![CDATA[Inconsistent bug]]>
  </system-out>
  <testcase classname="testngFlag.Flag3" name="login" time="0.000"/>
  <system-out>
    <![CDATA[Inconsistent bug]]>
  </system-out>
  <testcase classname="testngFlag.Flag3" name="login" time="0.001"/>
  <system-out>
    <![CDATA[Inconsistent bug]]>
  </system-out>
  <testcase classname="testngFlag.Flag3" name="login" time="0.000"/>
  <system-out>
    <![CDATA[Inconsistent bug]]>
  </system-out>
  <testcase classname="testngFlag.Flag3" name="login" time="0.001"/>
  <system-out>
    <![CDATA[Inconsistent bug]]>
  </system-out>
  <testcase classname="testngFlag.Flag3" name="login" time="0.001"/>
  <system-out>
    <![CDATA[Inconsistent bug]]>
  </system-out>
  <testcase classname="testngFlag.Flag3" name="login" time="0.000"/>
  <system-out>
    <![CDATA[Inconsistent bug]]>
  </system-out>
  <testcase classname="testngFlag.Flag3" name="login" time="0.000"/>
  <system-out>
    <![CDATA[Inconsistent bug]]>
  </system-out>
  <testcase classname="testngFlag.Flag3" name="login" time="0.002"/>
  <system-out>
    <![CDATA[Inconsistent bug]]>
  </system-out>
  <testcase classname="testngFlag.Flag3" name="login" time="0.001"/>
  <system-out>
    <![CDATA[Inconsistent bug]]>
  </system-out>
  <testcase classname="testngFlag.Flag3" name="login" time="0.000"/>
  <system-out>
    <![CDATA[Inconsistent bug]]>
  </system-out>
  <testcase classname="testngFlag.Flag3" name="login" time="0.000"/>
  <system-out>
    <![CDATA[Inconsistent bug]]>
  </system-out>
  <testcase classname="testngFlag.Flag3" name="login" time="0.001"/>
  <system-out>
    <![CDATA[Inconsistent bug]]>
  </system-out>
  <testcase classname="testngFlag.Flag3" name="login" time="0.001"/>
  <system-out>
    <![CDATA[Inconsistent bug]]>
  </system-out>
  <testcase classname="testngFlag.Flag3" name="login" time="0.001"/>
  <system-out>
    <![CDATA[Inconsistent bug]]>
  </system-out>
  <testcase classname="testngFlag.Flag3" name="login" time="0.000"/>
  <system-out>
    <![CDATA[Inconsistent bug]]>
  </system-out>
  <testcase classname="testngFlag.Flag3" name="login" time="0.001"/>
  <system-out>
    <![CDATA[Inconsistent bug]]>
  </system-out>
  <testcase classname="testngFlag.Flag3" name="login" time="0.001"/>
  <system-out>
    <![CDATA[Inconsistent bug]]>
  </system-out>
  <testcase classname="testngFlag.Flag3" name="login" time="0.000"/>
  <system-out>
    <![CDATA[Inconsistent bug]]>
  </system-out>
  <testcase classname="testngFlag.Flag3" name="login" time="0.000"/>
  <system-out>
    <![CDATA[Inconsistent bug]]>
  </system-out>
  <testcase classname="testngFlag.Flag3" name="login" time="0.001"/>
  <system-out>
    <![CDATA[Inconsistent bug]]>
  </system-out>
  <testcase classname="testngFlag.Flag3" name="login" time="0.000"/>
  <system-out>
    <![CDATA[Inconsistent bug]]>
  </system-out>
  <testcase classname="testngFlag.Flag3" name="login" time="0.001"/>
  <system-out>
    <![CDATA[Inconsistent bug]]>
  </system-out>
  <testcase classname="testngFlag.Flag3" name="login" time="0.001"/>
  <system-out>
    <![CDATA[Inconsistent bug]]>
  </system-out>
  <testcase classname="testngFlag.Flag3" name="login" time="0.000"/>
  <system-out>
    <![CDATA[Inconsistent bug]]>
  </system-out>
  <testcase classname="testngFlag.Flag3" name="login" time="0.001"/>
  <system-out>
    <![CDATA[Inconsistent bug]]>
  </system-out>
  <testcase classname="testngFlag.Flag3" name="login" time="0.001"/>
  <system-out>
    <![CDATA[Inconsistent bug]]>
  </system-out>
  <testcase classname="testngFlag.Flag3" name="login" time="0.000"/>
  <system-out>
    <![CDATA[Inconsistent bug]]>
  </system-out>
  <testcase classname="testngFlag.Flag3" name="login" time="0.000"/>
  <system-out>
    <![CDATA[Inconsistent bug]]>
  </system-out>
  <testcase classname="testngFlag.Flag3" name="login" time="0.004"/>
  <system-out>
    <![CDATA[Inconsistent bug]]>
  </system-out>
  <testcase classname="testngFlag.Flag3" name="login" time="0.001"/>
  <system-out>
    <![CDATA[Inconsistent bug]]>
  </system-out>
  <testcase classname="testngFlag.Flag3" name="login" time="0.003"/>
  <system-out>
    <![CDATA[Inconsistent bug]]>
  </system-out>
  <testcase classname="testngFlag.Flag3" name="login" time="0.000"/>
  <system-out>
    <![CDATA[Inconsistent bug]]>
  </system-out>
  <testcase classname="testngFlag.Flag3" name="login" time="0.001"/>
  <system-out>
    <![CDATA[Inconsistent bug]]>
  </system-out>
  <testcase classname="testngFlag.Flag3" name="login" time="0.002"/>
  <system-out>
    <![CDATA[Inconsistent bug]]>
  </system-out>
  <testcase classname="testngFlag.Flag3" name="login" time="0.000"/>
  <system-out>
    <![CDATA[Inconsistent bug]]>
  </system-out>
  <testcase classname="testngFlag.Flag3" name="login" time="0.001"/>
  <system-out>
    <![CDATA[Inconsistent bug]]>
  </system-out>
  <testcase classname="testngFlag.Flag3" name="login" time="0.000"/>
  <system-out>
    <![CDATA[Inconsistent bug]]>
  </system-out>
  <testcase classname="testngFlag.Flag3" name="login" time="0.001"/>
  <system-out>
    <![CDATA[Inconsistent bug]]>
  </system-out>
  <testcase classname="testngFlag.Flag3" name="login" time="0.001"/>
  <system-out>
    <![CDATA[Inconsistent bug]]>
  </system-out>
  <testcase classname="testngFlag.Flag3" name="login" time="0.004"/>
  <system-out>
    <![CDATA[Inconsistent bug]]>
  </system-out>
  <testcase classname="testngFlag.Flag3" name="login" time="0.000"/>
  <system-out>
    <![CDATA[Inconsistent bug]]>
  </system-out>
  <testcase classname="testngFlag.Flag3" name="login" time="0.000"/>
  <system-out>
    <![CDATA[Inconsistent bug]]>
  </system-out>
  <testcase classname="testngFlag.Flag3" name="login" time="0.001"/>
  <system-out>
    <![CDATA[Inconsistent bug]]>
  </system-out>
  <testcase classname="testngFlag.Flag3" name="login" time="0.000"/>
  <system-out>
    <![CDATA[Inconsistent bug]]>
  </system-out>
  <testcase classname="testngFlag.Flag3" name="login" time="0.001"/>
  <system-out>
    <![CDATA[Inconsistent bug]]>
  </system-out>
  <testcase classname="testngFlag.Flag3" name="login" time="0.002"/>
  <system-out>
    <![CDATA[Inconsistent bug]]>
  </system-out>
  <testcase classname="testngFlag.Flag3" name="login" time="0.000"/>
  <system-out>
    <![CDATA[Inconsistent bug]]>
  </system-out>
  <testcase classname="testngFlag.Flag3" name="login" time="0.001"/>
  <system-out>
    <![CDATA[Inconsistent bug]]>
  </system-out>
  <testcase classname="testngFlag.Flag3" name="login" time="0.000"/>
  <system-out>
    <![CDATA[Inconsistent bug]]>
  </system-out>
  <testcase classname="testngFlag.Flag3" name="login" time="0.001"/>
  <system-out>
    <![CDATA[Inconsistent bug]]>
  </system-out>
  <testcase classname="testngFlag.Flag3" name="login" time="0.001"/>
  <system-out>
    <![CDATA[Inconsistent bug]]>
  </system-out>
  <testcase classname="testngFlag.Flag3" name="login" time="0.000"/>
  <system-out>
    <![CDATA[Inconsistent bug]]>
  </system-out>
  <testcase classname="testngFlag.Flag3" name="login" time="0.000"/>
  <system-out>
    <![CDATA[Inconsistent bug]]>
  </system-out>
  <testcase classname="testngFlag.Flag3" name="login" time="0.002"/>
  <system-out>
    <![CDATA[Inconsistent bug]]>
  </system-out>
  <testcase classname="testngFlag.Flag3" name="login" time="0.002"/>
  <system-out>
    <![CDATA[Inconsistent bug]]>
  </system-out>
  <testcase classname="testngFlag.Flag3" name="login" time="0.001"/>
  <system-out>
    <![CDATA[Inconsistent bug]]>
  </system-out>
  <testcase classname="testngFlag.Flag3" name="login" time="0.001"/>
  <system-out>
    <![CDATA[Inconsistent bug]]>
  </system-out>
  <testcase classname="testngFlag.Flag3" name="login" time="0.004"/>
  <system-out>
    <![CDATA[Inconsistent bug]]>
  </system-out>
  <testcase classname="testngFlag.Flag3" name="login" time="0.000"/>
  <system-out>
    <![CDATA[Inconsistent bug]]>
  </system-out>
  <testcase classname="testngFlag.Flag3" name="login" time="0.001"/>
  <system-out>
    <![CDATA[Inconsistent bug]]>
  </system-out>
  <testcase classname="testngFlag.Flag3" name="login" time="0.000"/>
  <system-out>
    <![CDATA[Inconsistent bug]]>
  </system-out>
  <testcase classname="testngFlag.Flag3" name="login" time="0.000"/>
  <system-out>
    <![CDATA[Inconsistent bug]]>
  </system-out>
  <testcase classname="testngFlag.Flag3" name="login" time="0.001"/>
  <system-out>
    <![CDATA[Inconsistent bug]]>
  </system-out>
  <testcase classname="testngFlag.Flag3" name="login" time="0.001"/>
  <system-out>
    <![CDATA[Inconsistent bug]]>
  </system-out>
  <testcase classname="testngFlag.Flag3" name="login" time="0.001"/>
  <system-out>
    <![CDATA[Inconsistent bug]]>
  </system-out>
  <testcase classname="testngFlag.Flag3" name="login" time="0.001"/>
  <system-out>
    <![CDATA[Inconsistent bug]]>
  </system-out>
  <testcase classname="testngFlag.Flag3" name="login" time="0.001"/>
  <system-out>
    <![CDATA[Inconsistent bug]]>
  </system-out>
  <testcase classname="testngFlag.Flag3" name="login" time="0.000"/>
  <system-out>
    <![CDATA[Inconsistent bug]]>
  </system-out>
  <testcase classname="testngFlag.Flag3" name="login" time="0.000"/>
  <system-out>
    <![CDATA[Inconsistent bug]]>
  </system-out>
  <testcase classname="testngFlag.Flag3" name="login" time="0.003"/>
  <system-out>
    <![CDATA[Inconsistent bug]]>
  </system-out>
  <testcase classname="testngFlag.Flag3" name="login" time="0.000"/>
  <system-out>
    <![CDATA[Inconsistent bug]]>
  </system-out>
  <testcase classname="testngFlag.Flag3" name="login" time="0.002"/>
  <system-out>
    <![CDATA[Inconsistent bug]]>
  </system-out>
  <testcase classname="testngFlag.Flag3" name="login" time="0.001"/>
  <system-out>
    <![CDATA[Inconsistent bug]]>
  </system-out>
  <testcase classname="testngFlag.Flag3" name="login" time="0.001"/>
  <system-out>
    <![CDATA[Inconsistent bug]]>
  </system-out>
  <testcase classname="testngFlag.Flag3" name="login" time="0.000"/>
  <system-out>
    <![CDATA[Inconsistent bug]]>
  </system-out>
  <testcase classname="testngFlag.Flag3" name="login" time="0.003"/>
  <system-out>
    <![CDATA[Inconsistent bug]]>
  </system-out>
  <testcase classname="testngFlag.Flag3" name="login" time="0.000"/>
  <system-out>
    <![CDATA[Inconsistent bug]]>
  </system-out>
  <testcase classname="testngFlag.Flag3" name="login" time="0.000"/>
  <system-out>
    <![CDATA[Inconsistent bug]]>
  </system-out>
  <testcase classname="testngFlag.Flag3" name="login" time="0.002"/>
  <system-out>
    <![CDATA[Inconsistent bug]]>
  </system-out>
  <testcase classname="testngFlag.Flag3" name="login" time="0.000"/>
  <system-out>
    <![CDATA[Inconsistent bug]]>
  </system-out>
  <testcase classname="testngFlag.Flag3" name="login" time="0.001"/>
  <system-out>
    <![CDATA[Inconsistent bug]]>
  </system-out>
  <testcase classname="testngFlag.Flag3" name="login" time="0.001"/>
  <system-out>
    <![CDATA[Inconsistent bug]]>
  </system-out>
  <testcase classname="testngFlag.Flag3" name="login" time="0.000"/>
  <system-out>
    <![CDATA[Inconsistent bug]]>
  </system-out>
  <testcase classname="testngFlag.Flag3" name="login" time="0.001"/>
  <system-out>
    <![CDATA[Inconsistent bug]]>
  </system-out>
  <testcase classname="testngFlag.Flag3" name="login" time="0.002"/>
  <system-out>
    <![CDATA[Inconsistent bug]]>
  </system-out>
  <testcase classname="testngFlag.Flag3" name="login" time="0.000"/>
  <system-out>
    <![CDATA[Inconsistent bug]]>
  </system-out>
  <testcase classname="testngFlag.Flag3" name="login" time="0.000"/>
  <system-out>
    <![CDATA[Inconsistent bug]]>
  </system-out>
  <testcase classname="testngFlag.Flag3" name="login" time="0.001"/>
  <system-out>
    <![CDATA[Inconsistent bug]]>
  </system-out>
  <testcase classname="testngFlag.Flag3" name="login" time="0.001"/>
  <system-out>
    <![CDATA[Inconsistent bug]]>
  </system-out>
  <testcase classname="testngFlag.Flag3" name="login" time="0.000"/>
  <system-out>
    <![CDATA[Inconsistent bug]]>
  </system-out>
  <testcase classname="testngFlag.Flag3" name="login" time="0.001"/>
  <system-out>
    <![CDATA[Inconsistent bug]]>
  </system-out>
  <testcase classname="testngFlag.Flag3" name="login" time="0.001"/>
  <system-out>
    <![CDATA[Inconsistent bug]]>
  </system-out>
  <testcase classname="testngFlag.Flag3" name="login" time="0.002"/>
  <system-out>
    <![CDATA[Inconsistent bug]]>
  </system-out>
  <testcase classname="testngFlag.Flag3" name="login" time="0.051"/>
  <system-out>
    <![CDATA[Inconsistent bug]]>
  </system-out>
  <testcase classname="testngFlag.Flag3" name="login" time="0.000"/>
  <system-out>
    <![CDATA[Inconsistent bug]]>
  </system-out>
  <testcase classname="testngFlag.Flag3" name="login" time="0.000"/>
  <system-out>
    <![CDATA[Inconsistent bug]]>
  </system-out>
  <testcase classname="testngFlag.Flag3" name="login" time="0.001"/>
  <system-out>
    <![CDATA[Inconsistent bug]]>
  </system-out>
  <testcase classname="testngFlag.Flag3" name="login" time="0.000"/>
  <system-out>
    <![CDATA[Inconsistent bug]]>
  </system-out>
  <testcase classname="testngFlag.Flag3" name="login" time="0.000"/>
  <system-out>
    <![CDATA[Inconsistent bug]]>
  </system-out>
  <testcase classname="testngFlag.Flag3" name="login" time="0.002"/>
  <system-out>
    <![CDATA[Inconsistent bug]]>
  </system-out>
  <testcase classname="testngFlag.Flag3" name="login" time="0.002"/>
  <system-out>
    <![CDATA[Inconsistent bug]]>
  </system-out>
  <testcase classname="testngFlag.Flag3" name="login" time="0.001"/>
  <system-out>
    <![CDATA[Inconsistent bug]]>
  </system-out>
  <testcase classname="testngFlag.Flag3" name="login" time="0.002"/>
  <system-out>
    <![CDATA[Inconsistent bug]]>
  </system-out>
  <testcase classname="testngFlag.Flag3" name="login" time="0.000"/>
  <system-out>
    <![CDATA[Inconsistent bug]]>
  </system-out>
  <testcase classname="testngFlag.Flag3" name="login" time="0.001"/>
  <system-out>
    <![CDATA[Inconsistent bug]]>
  </system-out>
  <testcase classname="testngFlag.Flag3" name="login" time="0.005"/>
  <system-out>
    <![CDATA[Inconsistent bug]]>
  </system-out>
  <testcase classname="testngFlag.Flag3" name="login" time="0.001"/>
  <system-out>
    <![CDATA[Inconsistent bug]]>
  </system-out>
  <testcase classname="testngFlag.Flag3" name="login" time="0.000"/>
  <system-out>
    <![CDATA[Inconsistent bug]]>
  </system-out>
  <testcase classname="testngFlag.Flag3" name="login" time="0.000"/>
  <system-out>
    <![CDATA[Inconsistent bug]]>
  </system-out>
  <testcase classname="testngFlag.Flag3" name="login" time="0.001"/>
  <system-out>
    <![CDATA[Inconsistent bug]]>
  </system-out>
  <testcase classname="testngFlag.Flag3" name="login" time="0.001"/>
  <system-out>
    <![CDATA[Inconsistent bug]]>
  </system-out>
  <testcase classname="testngFlag.Flag3" name="login" time="0.001"/>
  <system-out>
    <![CDATA[Inconsistent bug]]>
  </system-out>
  <testcase classname="testngFlag.Flag3" name="login" time="0.001"/>
  <system-out>
    <![CDATA[Inconsistent bug]]>
  </system-out>
  <testcase classname="testngFlag.Flag3" name="login" time="0.000"/>
  <system-out>
    <![CDATA[Inconsistent bug]]>
  </system-out>
  <testcase classname="testngFlag.Flag3" name="login" time="0.000"/>
  <system-out>
    <![CDATA[Inconsistent bug]]>
  </system-out>
  <testcase classname="testngFlag.Flag3" name="login" time="0.001"/>
  <system-out>
    <![CDATA[Inconsistent bug]]>
  </system-out>
  <testcase classname="testngFlag.Flag3" name="login" time="0.000"/>
  <system-out>
    <![CDATA[Inconsistent bug]]>
  </system-out>
  <testcase classname="testngFlag.Flag3" name="login" time="0.001"/>
  <system-out>
    <![CDATA[Inconsistent bug]]>
  </system-out>
  <testcase classname="testngFlag.Flag3" name="login" time="0.001"/>
  <system-out>
    <![CDATA[Inconsistent bug]]>
  </system-out>
  <testcase classname="testngFlag.Flag3" name="login" time="0.002"/>
  <system-out>
    <![CDATA[Inconsistent bug]]>
  </system-out>
  <testcase classname="testngFlag.Flag3" name="login" time="0.000"/>
  <system-out>
    <![CDATA[Inconsistent bug]]>
  </system-out>
  <testcase classname="testngFlag.Flag3" name="login" time="0.001"/>
  <system-out>
    <![CDATA[Inconsistent bug]]>
  </system-out>
  <testcase classname="testngFlag.Flag3" name="login" time="0.000"/>
  <system-out>
    <![CDATA[Inconsistent bug]]>
  </system-out>
  <testcase classname="testngFlag.Flag3" name="login" time="0.001"/>
  <system-out>
    <![CDATA[Inconsistent bug]]>
  </system-out>
  <testcase classname="testngFlag.Flag3" name="login" time="0.004"/>
  <system-out>
    <![CDATA[Inconsistent bug]]>
  </system-out>
  <testcase classname="testngFlag.Flag3" name="login" time="0.000"/>
  <system-out>
    <![CDATA[Inconsistent bug]]>
  </system-out>
  <testcase classname="testngFlag.Flag3" name="login" time="0.000"/>
  <system-out>
    <![CDATA[Inconsistent bug]]>
  </system-out>
  <testcase classname="testngFlag.Flag3" name="login" time="0.001"/>
  <system-out>
    <![CDATA[Inconsistent bug]]>
  </system-out>
  <testcase classname="testngFlag.Flag3" name="login" time="0.001"/>
  <system-out>
    <![CDATA[Inconsistent bug]]>
  </system-out>
  <testcase classname="testngFlag.Flag3" name="login" time="0.001"/>
  <system-out>
    <![CDATA[Inconsistent bug]]>
  </system-out>
  <testcase classname="testngFlag.Flag3" name="login" time="0.000"/>
  <system-out>
    <![CDATA[Inconsistent bug]]>
  </system-out>
  <testcase classname="testngFlag.Flag3" name="login" time="0.001"/>
  <system-out>
    <![CDATA[Inconsistent bug]]>
  </system-out>
  <testcase classname="testngFlag.Flag3" name="login" time="0.006"/>
  <system-out>
    <![CDATA[Inconsistent bug]]>
  </system-out>
  <testcase classname="testngFlag.Flag3" name="login" time="0.002"/>
  <system-out>
    <![CDATA[Inconsistent bug]]>
  </system-out>
  <testcase classname="testngFlag.Flag3" name="login" time="0.001"/>
  <system-out>
    <![CDATA[Inconsistent bug]]>
  </system-out>
  <testcase classname="testngFlag.Flag3" name="login" time="0.000"/>
  <system-out>
    <![CDATA[Inconsistent bug]]>
  </system-out>
  <testcase classname="testngFlag.Flag3" name="login" time="0.002"/>
  <system-out>
    <![CDATA[Inconsistent bug]]>
  </system-out>
  <testcase classname="testngFlag.Flag3" name="login" time="0.000"/>
  <system-out>
    <![CDATA[Inconsistent bug]]>
  </system-out>
  <testcase classname="testngFlag.Flag3" name="login" time="0.001"/>
  <system-out>
    <![CDATA[Inconsistent bug]]>
  </system-out>
  <testcase classname="testngFlag.Flag3" name="login" time="0.001"/>
  <system-out>
    <![CDATA[Inconsistent bug]]>
  </system-out>
  <testcase classname="testngFlag.Flag3" name="login" time="0.000"/>
  <system-out>
    <![CDATA[Inconsistent bug]]>
  </system-out>
  <testcase classname="testngFlag.Flag3" name="login" time="0.000"/>
  <system-out>
    <![CDATA[Inconsistent bug]]>
  </system-out>
  <testcase classname="testngFlag.Flag3" name="login" time="0.002"/>
  <system-out>
    <![CDATA[Inconsistent bug]]>
  </system-out>
  <testcase classname="testngFlag.Flag3" name="login" time="0.000"/>
  <system-out>
    <![CDATA[Inconsistent bug]]>
  </system-out>
  <testcase classname="testngFlag.Flag3" name="login" time="0.000"/>
  <system-out>
    <![CDATA[Inconsistent bug]]>
  </system-out>
  <testcase classname="testngFlag.Flag3" name="login" time="0.000"/>
  <system-out>
    <![CDATA[Inconsistent bug]]>
  </system-out>
  <testcase classname="testngFlag.Flag3" name="login" time="0.010"/>
  <system-out>
    <![CDATA[Inconsistent bug]]>
  </system-out>
  <testcase classname="testngFlag.Flag3" name="login" time="0.001"/>
  <system-out>
    <![CDATA[Inconsistent bug]]>
  </system-out>
  <testcase classname="testngFlag.Flag3" name="login" time="0.001"/>
  <system-out>
    <![CDATA[Inconsistent bug]]>
  </system-out>
  <testcase classname="testngFlag.Flag3" name="login" time="0.001"/>
  <system-out>
    <![CDATA[Inconsistent bug]]>
  </system-out>
  <testcase classname="testngFlag.Flag3" name="login" time="0.003"/>
  <system-out>
    <![CDATA[Inconsistent bug]]>
  </system-out>
  <testcase classname="testngFlag.Flag3" name="login" time="0.001"/>
  <system-out>
    <![CDATA[Inconsistent bug]]>
  </system-out>
  <testcase classname="testngFlag.Flag3" name="login" time="0.000"/>
  <system-out>
    <![CDATA[Inconsistent bug]]>
  </system-out>
  <testcase classname="testngFlag.Flag3" name="login" time="0.000"/>
  <system-out>
    <![CDATA[Inconsistent bug]]>
  </system-out>
  <testcase classname="testngFlag.Flag3" name="login" time="0.001"/>
  <system-out>
    <![CDATA[Inconsistent bug]]>
  </system-out>
  <testcase classname="testngFlag.Flag3" name="login" time="0.001"/>
  <system-out>
    <![CDATA[Inconsistent bug]]>
  </system-out>
  <testcase classname="testngFlag.Flag3" name="login" time="0.000"/>
  <system-out>
    <![CDATA[Inconsistent bug]]>
  </system-out>
  <testcase classname="testngFlag.Flag3" name="login" time="0.000"/>
  <system-out>
    <![CDATA[Inconsistent bug]]>
  </system-out>
  <testcase classname="testngFlag.Flag3" name="login" time="0.001"/>
  <system-out>
    <![CDATA[Inconsistent bug]]>
  </system-out>
  <testcase classname="testngFlag.Flag3" name="login" time="0.001"/>
  <system-out>
    <![CDATA[Inconsistent bug]]>
  </system-out>
  <testcase classname="testngFlag.Flag3" name="login" time="0.001"/>
  <system-out>
    <![CDATA[Inconsistent bug]]>
  </system-out>
  <testcase classname="testngFlag.Flag3" name="login" time="0.001"/>
  <system-out>
    <![CDATA[Inconsistent bug]]>
  </system-out>
  <testcase classname="testngFlag.Flag3" name="login" time="0.001"/>
  <system-out>
    <![CDATA[Inconsistent bug]]>
  </system-out>
  <testcase classname="testngFlag.Flag3" name="login" time="0.002"/>
  <system-out>
    <![CDATA[Inconsistent bug]]>
  </system-out>
  <testcase classname="testngFlag.Flag3" name="login" time="0.001"/>
  <system-out>
    <![CDATA[Inconsistent bug]]>
  </system-out>
  <testcase classname="testngFlag.Flag3" name="login" time="0.005"/>
  <system-out>
    <![CDATA[Inconsistent bug]]>
  </system-out>
  <testcase classname="testngFlag.Flag3" name="login" time="0.000"/>
  <system-out>
    <![CDATA[Inconsistent bug]]>
  </system-out>
  <testcase classname="testngFlag.Flag3" name="login" time="0.000"/>
  <system-out>
    <![CDATA[Inconsistent bug]]>
  </system-out>
  <testcase classname="testngFlag.Flag3" name="login" time="0.005"/>
  <system-out>
    <![CDATA[Inconsistent bug]]>
  </system-out>
  <testcase classname="testngFlag.Flag3" name="login" time="0.001"/>
  <system-out>
    <![CDATA[Inconsistent bug]]>
  </system-out>
  <testcase classname="testngFlag.Flag3" name="login" time="0.001"/>
  <system-out>
    <![CDATA[Inconsistent bug]]>
  </system-out>
  <testcase classname="testngFlag.Flag3" name="login" time="0.001"/>
  <system-out>
    <![CDATA[Inconsistent bug]]>
  </system-out>
  <testcase classname="testngFlag.Flag3" name="login" time="0.001"/>
  <system-out>
    <![CDATA[Inconsistent bug]]>
  </system-out>
  <testcase classname="testngFlag.Flag3" name="login" time="0.000"/>
  <system-out>
    <![CDATA[Inconsistent bug]]>
  </system-out>
  <testcase classname="testngFlag.Flag3" name="login" time="0.000"/>
  <system-out>
    <![CDATA[Inconsistent bug]]>
  </system-out>
  <testcase classname="testngFlag.Flag3" name="login" time="0.001"/>
  <system-out>
    <![CDATA[Inconsistent bug]]>
  </system-out>
  <testcase classname="testngFlag.Flag3" name="login" time="0.001"/>
  <system-out>
    <![CDATA[Inconsistent bug]]>
  </system-out>
  <testcase classname="testngFlag.Flag3" name="login" time="0.001"/>
  <system-out>
    <![CDATA[Inconsistent bug]]>
  </system-out>
  <testcase classname="testngFlag.Flag3" name="login" time="0.000"/>
  <system-out>
    <![CDATA[Inconsistent bug]]>
  </system-out>
  <testcase classname="testngFlag.Flag3" name="login" time="0.000"/>
  <system-out>
    <![CDATA[Inconsistent bug]]>
  </system-out>
  <testcase classname="testngFlag.Flag3" name="login" time="0.001"/>
  <system-out>
    <![CDATA[Inconsistent bug]]>
  </system-out>
  <testcase classname="testngFlag.Flag3" name="login" time="0.003"/>
  <system-out>
    <![CDATA[Inconsistent bug]]>
  </system-out>
  <testcase classname="testngFlag.Flag3" name="login" time="0.001"/>
  <system-out>
    <![CDATA[Inconsistent bug]]>
  </system-out>
  <testcase classname="testngFlag.Flag3" name="login" time="0.001"/>
  <system-out>
    <![CDATA[Inconsistent bug]]>
  </system-out>
  <testcase classname="testngFlag.Flag3" name="login" time="0.001"/>
  <system-out>
    <![CDATA[Inconsistent bug]]>
  </system-out>
  <testcase classname="testngFlag.Flag3" name="login" time="0.000"/>
  <system-out>
    <![CDATA[Inconsistent bug]]>
  </system-out>
  <testcase classname="testngFlag.Flag3" name="login" time="0.000"/>
  <system-out>
    <![CDATA[Inconsistent bug]]>
  </system-out>
  <testcase classname="testngFlag.Flag3" name="login" time="0.000"/>
  <system-out>
    <![CDATA[Inconsistent bug]]>
  </system-out>
  <testcase classname="testngFlag.Flag3" name="login" time="0.000"/>
  <system-out>
    <![CDATA[Inconsistent bug]]>
  </system-out>
  <testcase classname="testngFlag.Flag3" name="login" time="0.003"/>
  <system-out>
    <![CDATA[Inconsistent bug]]>
  </system-out>
  <testcase classname="testngFlag.Flag3" name="login" time="0.001"/>
  <system-out>
    <![CDATA[Inconsistent bug]]>
  </system-out>
  <testcase classname="testngFlag.Flag3" name="login" time="0.000"/>
  <system-out>
    <![CDATA[Inconsistent bug]]>
  </system-out>
  <testcase classname="testngFlag.Flag3" name="login" time="0.000"/>
  <system-out>
    <![CDATA[Inconsistent bug]]>
  </system-out>
  <testcase classname="testngFlag.Flag3" name="login" time="0.002"/>
  <system-out>
    <![CDATA[Inconsistent bug]]>
  </system-out>
  <testcase classname="testngFlag.Flag3" name="login" time="0.000"/>
  <system-out>
    <![CDATA[Inconsistent bug]]>
  </system-out>
  <testcase classname="testngFlag.Flag3" name="login" time="0.001"/>
  <system-out>
    <![CDATA[Inconsistent bug]]>
  </system-out>
  <testcase classname="testngFlag.Flag3" name="login" time="0.001"/>
  <system-out>
    <![CDATA[Inconsistent bug]]>
  </system-out>
  <testcase classname="testngFlag.Flag3" name="login" time="0.000"/>
  <system-out>
    <![CDATA[Inconsistent bug]]>
  </system-out>
  <testcase classname="testngFlag.Flag3" name="login" time="0.000"/>
  <system-out>
    <![CDATA[Inconsistent bug]]>
  </system-out>
  <testcase classname="testngFlag.Flag3" name="login" time="0.001"/>
  <system-out>
    <![CDATA[Inconsistent bug]]>
  </system-out>
  <testcase classname="testngFlag.Flag3" name="login" time="0.001"/>
  <system-out>
    <![CDATA[Inconsistent bug]]>
  </system-out>
  <testcase classname="testngFlag.Flag3" name="login" time="0.001"/>
  <system-out>
    <![CDATA[Inconsistent bug]]>
  </system-out>
  <testcase classname="testngFlag.Flag3" name="login" time="0.000"/>
  <system-out>
    <![CDATA[Inconsistent bug]]>
  </system-out>
  <testcase classname="testngFlag.Flag3" name="login" time="0.000"/>
  <system-out>
    <![CDATA[Inconsistent bug]]>
  </system-out>
  <testcase classname="testngFlag.Flag3" name="login" time="0.007"/>
  <system-out>
    <![CDATA[Inconsistent bug]]>
  </system-out>
  <testcase classname="testngFlag.Flag3" name="login" time="0.011"/>
  <system-out>
    <![CDATA[Inconsistent bug]]>
  </system-out>
  <testcase classname="testngFlag.Flag3" name="login" time="0.001"/>
  <system-out>
    <![CDATA[Inconsistent bug]]>
  </system-out>
  <testcase classname="testngFlag.Flag3" name="login" time="0.001"/>
  <system-out>
    <![CDATA[Inconsistent bug]]>
  </system-out>
  <testcase classname="testngFlag.Flag3" name="login" time="0.000"/>
  <system-out>
    <![CDATA[Inconsistent bug]]>
  </system-out>
  <testcase classname="testngFlag.Flag3" name="login" time="0.001"/>
  <system-out>
    <![CDATA[Inconsistent bug]]>
  </system-out>
  <testcase classname="testngFlag.Flag3" name="login" time="0.000"/>
  <system-out>
    <![CDATA[Inconsistent bug]]>
  </system-out>
  <testcase classname="testngFlag.Flag3" name="login" time="0.002"/>
  <system-out>
    <![CDATA[Inconsistent bug]]>
  </system-out>
  <testcase classname="testngFlag.Flag3" name="login" time="0.001"/>
  <system-out>
    <![CDATA[Inconsistent bug]]>
  </system-out>
  <testcase classname="testngFlag.Flag3" name="login" time="0.002"/>
  <system-out>
    <![CDATA[Inconsistent bug]]>
  </system-out>
  <testcase classname="testngFlag.Flag3" name="login" time="0.001"/>
  <system-out>
    <![CDATA[Inconsistent bug]]>
  </system-out>
  <testcase classname="testngFlag.Flag3" name="login" time="0.000"/>
  <system-out>
    <![CDATA[Inconsistent bug]]>
  </system-out>
  <testcase classname="testngFlag.Flag3" name="login" time="0.001"/>
  <system-out>
    <![CDATA[Inconsistent bug]]>
  </system-out>
  <testcase classname="testngFlag.Flag3" name="login" time="0.001"/>
  <system-out>
    <![CDATA[Inconsistent bug]]>
  </system-out>
  <testcase classname="testngFlag.Flag3" name="login" time="0.000"/>
  <system-out>
    <![CDATA[Inconsistent bug]]>
  </system-out>
  <testcase classname="testngFlag.Flag3" name="login" time="0.001"/>
  <system-out>
    <![CDATA[Inconsistent bug]]>
  </system-out>
  <testcase classname="testngFlag.Flag3" name="login" time="0.001"/>
  <system-out>
    <![CDATA[Inconsistent bug]]>
  </system-out>
  <testcase classname="testngFlag.Flag3" name="login" time="0.001"/>
  <system-out>
    <![CDATA[Inconsistent bug]]>
  </system-out>
  <testcase classname="testngFlag.Flag3" name="login" time="0.001"/>
  <system-out>
    <![CDATA[Inconsistent bug]]>
  </system-out>
  <testcase classname="testngFlag.Flag3" name="login" time="0.001"/>
  <system-out>
    <![CDATA[Inconsistent bug]]>
  </system-out>
  <testcase classname="testngFlag.Flag3" name="login" time="0.000"/>
  <system-out>
    <![CDATA[Inconsistent bug]]>
  </system-out>
  <testcase classname="testngFlag.Flag3" name="login" time="0.000"/>
  <system-out>
    <![CDATA[Inconsistent bug]]>
  </system-out>
  <testcase classname="testngFlag.Flag3" name="login" time="0.001"/>
  <system-out>
    <![CDATA[Inconsistent bug]]>
  </system-out>
  <testcase classname="testngFlag.Flag3" name="login" time="0.001"/>
  <system-out>
    <![CDATA[Inconsistent bug]]>
  </system-out>
  <testcase classname="testngFlag.Flag3" name="login" time="0.001"/>
  <system-out>
    <![CDATA[Inconsistent bug]]>
  </system-out>
  <testcase classname="testngFlag.Flag3" name="login" time="0.002"/>
  <system-out>
    <![CDATA[Inconsistent bug]]>
  </system-out>
  <testcase classname="testngFlag.Flag3" name="login" time="0.001"/>
  <system-out>
    <![CDATA[Inconsistent bug]]>
  </system-out>
  <testcase classname="testngFlag.Flag3" name="login" time="0.001"/>
  <system-out>
    <![CDATA[Inconsistent bug]]>
  </system-out>
  <testcase classname="testngFlag.Flag3" name="login" time="0.001"/>
  <system-out>
    <![CDATA[Inconsistent bug]]>
  </system-out>
  <testcase classname="testngFlag.Flag3" name="login" time="0.001"/>
  <system-out>
    <![CDATA[Inconsistent bug]]>
  </system-out>
  <testcase classname="testngFlag.Flag3" name="login" time="0.000"/>
  <system-out>
    <![CDATA[Inconsistent bug]]>
  </system-out>
  <testcase classname="testngFlag.Flag3" name="login" time="0.000"/>
  <system-out>
    <![CDATA[Inconsistent bug]]>
  </system-out>
  <testcase classname="testngFlag.Flag3" name="login" time="0.000"/>
  <system-out>
    <![CDATA[Inconsistent bug]]>
  </system-out>
  <testcase classname="testngFlag.Flag3" name="login" time="0.000"/>
  <system-out>
    <![CDATA[Inconsistent bug]]>
  </system-out>
  <testcase classname="testngFlag.Flag3" name="login" time="0.001"/>
  <system-out>
    <![CDATA[Inconsistent bug]]>
  </system-out>
  <testcase classname="testngFlag.Flag3" name="login" time="0.000"/>
  <system-out>
    <![CDATA[Inconsistent bug]]>
  </system-out>
  <testcase classname="testngFlag.Flag3" name="login" time="0.000"/>
  <system-out>
    <![CDATA[Inconsistent bug]]>
  </system-out>
  <testcase classname="testngFlag.Flag3" name="login" time="0.001"/>
  <system-out>
    <![CDATA[Inconsistent bug]]>
  </system-out>
  <testcase classname="testngFlag.Flag3" name="login" time="0.001"/>
  <system-out>
    <![CDATA[Inconsistent bug]]>
  </system-out>
  <testcase classname="testngFlag.Flag3" name="login" time="0.001"/>
  <system-out>
    <![CDATA[Inconsistent bug]]>
  </system-out>
  <testcase classname="testngFlag.Flag3" name="login" time="0.000"/>
  <system-out>
    <![CDATA[Inconsistent bug]]>
  </system-out>
  <testcase classname="testngFlag.Flag3" name="login" time="0.001"/>
  <system-out>
    <![CDATA[Inconsistent bug]]>
  </system-out>
  <testcase classname="testngFlag.Flag3" name="login" time="0.001"/>
  <system-out>
    <![CDATA[Inconsistent bug]]>
  </system-out>
  <testcase classname="testngFlag.Flag3" name="login" time="0.003"/>
  <system-out>
    <![CDATA[Inconsistent bug]]>
  </system-out>
  <testcase classname="testngFlag.Flag3" name="login" time="0.000"/>
  <system-out>
    <![CDATA[Inconsistent bug]]>
  </system-out>
  <testcase classname="testngFlag.Flag3" name="login" time="0.001"/>
  <system-out>
    <![CDATA[Inconsistent bug]]>
  </system-out>
  <testcase classname="testngFlag.Flag3" name="login" time="0.001"/>
  <system-out>
    <![CDATA[Inconsistent bug]]>
  </system-out>
  <testcase classname="testngFlag.Flag3" name="login" time="0.001"/>
  <system-out>
    <![CDATA[Inconsistent bug]]>
  </system-out>
  <testcase classname="testngFlag.Flag3" name="login" time="0.001"/>
  <system-out>
    <![CDATA[Inconsistent bug]]>
  </system-out>
  <testcase classname="testngFlag.Flag3" name="login" time="0.001"/>
  <system-out>
    <![CDATA[Inconsistent bug]]>
  </system-out>
  <testcase classname="testngFlag.Flag3" name="login" time="0.001"/>
  <system-out>
    <![CDATA[Inconsistent bug]]>
  </system-out>
  <testcase classname="testngFlag.Flag3" name="login" time="0.001"/>
[...]
  <testcase classname="testngFlag.Flag3" name="login" time="0.001"/>
  <system-out>
    <![CDATA[Inconsistent bug]]>
  </system-out>
  <testcase classname="testngFlag.Flag3" name="login" time="0.001"/>
  <system-out>
    <![CDATA[Inconsistent bug]]>
  </system-out>
  <testcase classname="testngFlag.Flag3" name="login" time="0.001"/>
  <system-out>
    <![CDATA[Inconsistent bug]]>
  </system-out>
  <testcase classname="testngFlag.Flag3" name="login" time="0.000"/>
  <system-out>
    <![CDATA[Inconsistent bug]]>
  </system-out>
  <testcase classname="testngFlag.Flag3" name="login" time="0.001"/>
  <system-out>
    <![CDATA[Inconsistent bug]]>
  </system-out>
  <testcase classname="testngFlag.Flag3" name="login" time="0.001"/>
  <system-out>
    <![CDATA[Inconsistent bug]]>
  </system-out>
  <testcase classname="testngFlag.Flag3" name="login" time="0.001"/>
  <system-out>
    <![CDATA[Inconsistent bug]]>
  </system-out>
  <testcase classname="testngFlag.Flag3" name="login" time="0.001"/>
  <system-out>
    <![CDATA[Inconsistent bug]]>
  </system-out>
  <testcase classname="testngFlag.Flag3" name="login" time="0.001"/>
  <system-out>
    <![CDATA[Inconsistent bug]]>
  </system-out>
  <testcase classname="testngFlag.Flag3" name="login" time="0.000"/>
  <system-out>
    <![CDATA[Inconsistent bug]]>
  </system-out>
  <testcase classname="testngFlag.Flag3" name="login" time="0.004"/>
  <system-out>
    <![CDATA[Inconsistent bug]]>
  </system-out>
  <testcase classname="testngFlag.Flag3" name="login" time="0.000"/>
  <system-out>
    <![CDATA[Inconsistent bug]]>
  </system-out>
  <testcase classname="testngFlag.Flag3" name="login" time="0.000"/>
  <system-out>
    <![CDATA[Inconsistent bug]]>
  </system-out>
  <testcase classname="testngFlag.Flag3" name="login" time="0.001"/>
  <system-out>
    <![CDATA[Inconsistent bug]]>
  </system-out>
  <testcase classname="testngFlag.Flag3" name="login" time="0.001"/>
  <system-out>
    <![CDATA[Inconsistent bug]]>
  </system-out>
  <testcase classname="testngFlag.Flag3" name="login" time="0.001"/>
  <system-out>
    <![CDATA[Inconsistent bug]]>
  </system-out>
  <testcase classname="testngFlag.Flag3" name="login" time="0.001"/>
  <system-out>
    <![CDATA[Inconsistent bug]]>
  </system-out>
  <testcase classname="testngFlag.Flag3" name="login" time="0.001"/>
  <system-out>
    <![CDATA[Inconsistent bug]]>
  </system-out>
  <testcase classname="testngFlag.Flag3" name="login" time="0.001"/>
  <system-out>
    <![CDATA[Inconsistent bug]]>
  </system-out>
  <testcase classname="testngFlag.Flag3" name="login" time="0.000"/>
  <system-out>
    <![CDATA[Inconsistent bug]]>
  </system-out>
  <testcase classname="testngFlag.Flag3" name="login" time="0.001"/>
  <system-out>
    <![CDATA[Inconsistent bug]]>
  </system-out>
  <testcase classname="testngFlag.Flag3" name="login" time="0.001"/>
  <system-out>
    <![CDATA[Inconsistent bug]]>
  </system-out>
  <testcase classname="testngFlag.Flag3" name="login" time="0.000"/>
  <system-out>
    <![CDATA[Inconsistent bug]]>
  </system-out>
  <testcase classname="testngFlag.Flag3" name="login" time="0.001"/>
  <system-out>
    <![CDATA[Inconsistent bug]]>
  </system-out>
  <testcase classname="testngFlag.Flag3" name="login" time="0.001"/>
  <system-out>
    <![CDATA[Inconsistent bug]]>
  </system-out>
  <testcase classname="testngFlag.Flag3" name="login" time="0.001"/>
  <system-out>
    <![CDATA[Inconsistent bug]]>
  </system-out>
  <testcase classname="testngFlag.Flag3" name="login" time="0.001"/>
  <system-out>
    <![CDATA[Inconsistent bug]]>
  </system-out>
  <testcase classname="testngFlag.Flag3" name="login" time="0.001"/>
  <system-out>
    <![CDATA[Inconsistent bug]]>
  </system-out>
  <testcase classname="testngFlag.Flag3" name="login" time="0.000"/>
  <system-out>
    <![CDATA[Inconsistent bug]]>
  </system-out>
  <testcase classname="testngFlag.Flag3" name="login" time="0.001"/>
  <system-out>
    <![CDATA[Inconsistent bug]]>
  </system-out>
  <testcase classname="testngFlag.Flag3" name="login" time="0.000"/>
  <system-out>
    <![CDATA[Inconsistent bug]]>
  </system-out>
  <testcase classname="testngFlag.Flag3" name="login" time="0.000"/>
  <system-out>
    <![CDATA[Inconsistent bug]]>
  </system-out>
  <testcase classname="testngFlag.Flag3" name="login" time="0.001"/>
  <system-out>
    <![CDATA[Inconsistent bug]]>
  </system-out>
  <testcase classname="testngFlag.Flag3" name="login" time="0.002"/>
  <system-out>
    <![CDATA[Inconsistent bug]]>
  </system-out>
  <testcase classname="testngFlag.Flag3" name="login" time="0.000"/>
  <system-out>
    <![CDATA[Inconsistent bug]]>
  </system-out>
  <testcase classname="testngFlag.Flag3" name="login" time="0.001"/>
  <system-out>
    <![CDATA[Inconsistent bug]]>
  </system-out>
  <testcase classname="testngFlag.Flag3" name="login" time="0.002"/>
  <system-out>
    <![CDATA[Inconsistent bug]]>
  </system-out>
  <testcase classname="testngFlag.Flag3" name="login" time="0.001"/>
  <system-out>
    <![CDATA[Inconsistent bug]]>
  </system-out>
  <testcase classname="testngFlag.Flag3" name="login" time="0.005"/>
  <system-out>
    <![CDATA[Inconsistent bug]]>
  </system-out>
  <testcase classname="testngFlag.Flag3" name="login" time="0.011"/>
  <system-out>
    <![CDATA[Inconsistent bug]]>
  </system-out>
  <testcase classname="testngFlag.Flag3" name="login" time="0.001"/>
  <system-out>
    <![CDATA[Inconsistent bug]]>
  </system-out>
  <testcase classname="testngFlag.Flag3" name="login" time="0.000"/>
  <system-out>
    <![CDATA[Inconsistent bug]]>
  </system-out>
  <testcase classname="testngFlag.Flag3" name="login" time="0.000"/>
  <system-out>
    <![CDATA[Inconsistent bug]]>
  </system-out>
  <testcase classname="testngFlag.Flag3" name="login" time="0.003"/>
  <system-out>
    <![CDATA[Inconsistent bug]]>
  </system-out>
  <testcase classname="testngFlag.Flag3" name="login" time="0.000"/>
  <system-out>
    <![CDATA[Inconsistent bug]]>
  </system-out>
  <testcase classname="testngFlag.Flag3" name="login" time="0.001"/>
  <system-out>
    <![CDATA[Inconsistent bug]]>
  </system-out>
  <testcase classname="testngFlag.Flag3" name="login" time="0.000"/>
  <system-out>
    <![CDATA[Inconsistent bug]]>
  </system-out>
  <testcase classname="testngFlag.Flag3" name="login" time="0.003"/>
  <system-out>
    <![CDATA[Inconsistent bug]]>
  </system-out>
  <testcase classname="testngFlag.Flag3" name="login" time="0.000"/>
  <system-out>
    <![CDATA[Inconsistent bug]]>
  </system-out>
  <testcase classname="testngFlag.Flag3" name="login" time="0.000"/>
  <system-out>
    <![CDATA[Inconsistent bug]]>
  </system-out>
  <testcase classname="testngFlag.Flag3" name="login" time="0.001"/>
  <system-out>
    <![CDATA[Inconsistent bug]]>
  </system-out>
  <testcase classname="testngFlag.Flag3" name="login" time="0.001"/>
  <system-out>
    <![CDATA[Inconsistent bug]]>
  </system-out>
  <testcase classname="testngFlag.Flag3" name="login" time="0.001"/>
  <system-out>
    <![CDATA[Inconsistent bug]]>
  </system-out>
  <testcase classname="testngFlag.Flag3" name="login" time="0.001"/>
  <system-out>
    <![CDATA[Inconsistent bug]]>
  </system-out>
  <testcase classname="testngFlag.Flag3" name="login" time="0.001"/>
  <system-out>
    <![CDATA[Inconsistent bug]]>
  </system-out>
  <testcase classname="testngFlag.Flag3" name="login" time="0.000"/>
  <system-out>
    <![CDATA[Inconsistent bug]]>
  </system-out>
  <testcase classname="testngFlag.Flag3" name="login" time="0.000"/>
  <system-out>
    <![CDATA[Inconsistent bug]]>
  </system-out>
  <testcase classname="testngFlag.Flag3" name="login" time="0.001"/>
  <system-out>
    <![CDATA[Inconsistent bug]]>
  </system-out>
  <testcase classname="testngFlag.Flag3" name="login" time="0.001"/>
  <system-out>
    <![CDATA[Inconsistent bug]]>
  </system-out>
  <testcase classname="testngFlag.Flag3" name="login" time="0.002"/>
  <system-out>
    <![CDATA[Inconsistent bug]]>
  </system-out>
  <testcase classname="testngFlag.Flag3" name="login" time="0.000"/>
  <system-out>
    <![CDATA[Inconsistent bug]]>
  </system-out>
  <testcase classname="testngFlag.Flag3" name="login" time="0.001"/>
  <system-out>
    <![CDATA[Inconsistent bug]]>
  </system-out>
  <testcase classname="testngFlag.Flag3" name="login" time="0.001"/>
  <system-out>
    <![CDATA[Inconsistent bug]]>
  </system-out>
  <testcase classname="testngFlag.Flag3" name="login" time="0.000"/>
  <system-out>
    <![CDATA[Inconsistent bug]]>
  </system-out>
  <testcase classname="testngFlag.Flag3" name="login" time="0.007"/>
  <system-out>
    <![CDATA[Inconsistent bug]]>
  </system-out>
  <testcase classname="testngFlag.Flag3" name="login" time="0.000"/>
  <system-out>
    <![CDATA[Inconsistent bug]]>
  </system-out>
  <testcase classname="testngFlag.Flag3" name="login" time="0.000"/>
  <system-out>
    <![CDATA[Inconsistent bug]]>
  </system-out>
  <testcase classname="testngFlag.Flag3" name="login" time="0.000"/>
  <system-out>
    <![CDATA[Inconsistent bug]]>
  </system-out>
  <testcase classname="testngFlag.Flag3" name="login" time="0.002"/>
  <system-out>
    <![CDATA[Inconsistent bug]]>
  </system-out>
  <testcase classname="testngFlag.Flag3" name="login" time="0.000"/>
  <system-out>
    <![CDATA[Inconsistent bug]]>
  </system-out>
  <testcase classname="testngFlag.Flag3" name="login" time="0.000"/>
  <system-out>
    <![CDATA[Inconsistent bug]]>
  </system-out>
  <testcase classname="testngFlag.Flag3" name="login" time="0.001"/>
  <system-out>
    <![CDATA[Inconsistent bug]]>
  </system-out>
  <testcase classname="testngFlag.Flag3" name="login" time="0.000"/>
  <system-out>
    <![CDATA[Inconsistent bug]]>
  </system-out>
  <testcase classname="testngFlag.Flag3" name="login" time="0.001"/>
  <system-out>
    <![CDATA[Inconsistent bug]]>
  </system-out>
  <testcase classname="testngFlag.Flag3" name="login" time="0.001"/>
  <system-out>
    <![CDATA[Inconsistent bug]]>
  </system-out>
  <testcase classname="testngFlag.Flag3" name="login" time="0.000"/>
  <system-out>
    <![CDATA[Inconsistent bug]]>
  </system-out>
  <testcase classname="testngFlag.Flag3" name="login" time="0.001"/>
  <system-out>
    <![CDATA[Inconsistent bug]]>
  </system-out>
  <testcase classname="testngFlag.Flag3" name="login" time="0.001"/>
  <system-out>
    <![CDATA[Inconsistent bug]]>
  </system-out>
  <testcase classname="testngFlag.Flag3" name="login" time="0.000"/>
  <system-out>
    <![CDATA[Inconsistent bug]]>
  </system-out>
  <testcase classname="testngFlag.Flag3" name="login" time="0.001"/>
  <system-out>
    <![CDATA[Inconsistent bug]]>
  </system-out>
  <testcase classname="testngFlag.Flag3" name="login" time="0.001"/>
  <system-out>
    <![CDATA[Inconsistent bug]]>
  </system-out>
  <testcase classname="testngFlag.Flag3" name="login" time="0.001"/>
  <system-out>
    <![CDATA[Inconsistent bug]]>
  </system-out>
  <testcase classname="testngFlag.Flag3" name="login" time="0.001"/>
  <system-out>
    <![CDATA[Inconsistent bug]]>
  </system-out>
  <testcase classname="testngFlag.Flag3" name="login" time="0.001"/>
  <system-out>
    <![CDATA[Inconsistent bug]]>
  </system-out>
  <testcase classname="testngFlag.Flag3" name="login" time="0.001"/>
  <system-out>
    <![CDATA[Inconsistent bug]]>
  </system-out>
  <testcase classname="testngFlag.Flag3" name="login" time="0.001"/>
  <system-out>
    <![CDATA[Inconsistent bug]]>
  </system-out>
  <testcase classname="testngFlag.Flag3" name="login" time="0.002"/>
  <system-out>
    <![CDATA[Inconsistent bug]]>
  </system-out>
  <testcase classname="testngFlag.Flag3" name="login" time="0.001"/>
  <system-out>
    <![CDATA[Inconsistent bug]]>
  </system-out>
  <testcase classname="testngFlag.Flag3" name="login" time="0.000"/>
  <system-out>
    <![CDATA[Inconsistent bug]]>
  </system-out>
  <testcase classname="testngFlag.Flag3" name="login" time="0.001"/>
  <system-out>
    <![CDATA[Inconsistent bug]]>
  </system-out>
  <testcase classname="testngFlag.Flag3" name="login" time="0.000"/>
  <system-out>
    <![CDATA[Inconsistent bug]]>
  </system-out>
  <testcase classname="testngFlag.Flag3" name="login" time="0.001"/>
  <system-out>
    <![CDATA[Inconsistent bug]]>
  </system-out>
  <testcase classname="testngFlag.Flag3" name="login" time="0.002"/>
  <system-out>
    <![CDATA[Inconsistent bug]]>
  </system-out>
  <testcase classname="testngFlag.Flag3" name="login" time="0.002"/>
  <system-out>
    <![CDATA[Inconsistent bug]]>
  </system-out>
  <testcase classname="testngFlag.Flag3" name="login" time="0.001"/>
  <system-out>
    <![CDATA[Inconsistent bug]]>
  </system-out>
  <testcase classname="testngFlag.Flag3" name="login" time="0.001"/>
  <system-out>
    <![CDATA[Inconsistent bug]]>
  </system-out>
  <testcase classname="testngFlag.Flag3" name="login" time="0.004"/>
  <system-out>
    <![CDATA[Inconsistent bug]]>
  </system-out>
  <testcase classname="testngFlag.Flag3" name="login" time="0.001"/>
  <system-out>
    <![CDATA[Inconsistent bug]]>
  </system-out>
  <testcase classname="testngFlag.Flag3" name="login" time="0.000"/>
  <system-out>
    <![CDATA[Inconsistent bug]]>
  </system-out>
  <testcase classname="testngFlag.Flag3" name="login" time="0.001"/>
  <system-out>
    <![CDATA[Inconsistent bug]]>
  </system-out>
  <testcase classname="testngFlag.Flag3" name="login" time="0.001"/>
  <system-out>
    <![CDATA[Inconsistent bug]]>
  </system-out>
  <testcase classname="testngFlag.Flag3" name="login" time="0.001"/>
  <system-out>
    <![CDATA[Inconsistent bug]]>
  </system-out>
  <testcase classname="testngFlag.Flag3" name="login" time="0.000"/>
  <system-out>
    <![CDATA[Inconsistent bug]]>
  </system-out>
  <testcase classname="testngFlag.Flag3" name="login" time="0.001"/>
  <system-out>
    <![CDATA[Inconsistent bug]]>
  </system-out>
  <testcase classname="testngFlag.Flag3" name="login" time="0.000"/>
  <system-out>
    <![CDATA[Inconsistent bug]]>
  </system-out>
  <testcase classname="testngFlag.Flag3" name="login" time="0.000"/>
  <system-out>
    <![CDATA[Inconsistent bug]]>
  </system-out>
  <testcase classname="testngFlag.Flag3" name="login" time="0.001"/>
  <system-out>
    <![CDATA[Inconsistent bug]]>
  </system-out>
  <testcase classname="testngFlag.Flag3" name="login" time="0.000"/>
  <system-out>
    <![CDATA[Inconsistent bug]]>
  </system-out>
  <testcase classname="testngFlag.Flag3" name="login" time="0.000"/>
  <system-out>
    <![CDATA[Inconsistent bug]]>
  </system-out>
  <testcase classname="testngFlag.Flag3" name="login" time="0.000"/>
  <system-out>
    <![CDATA[Inconsistent bug]]>
  </system-out>
  <testcase classname="testngFlag.Flag3" name="login" time="0.000"/>
  <system-out>
    <![CDATA[Inconsistent bug]]>
  </system-out>
  <testcase classname="testngFlag.Flag3" name="login" time="0.001"/>
  <system-out>
    <![CDATA[Inconsistent bug]]>
  </system-out>
  <testcase classname="testngFlag.Flag3" name="login" time="0.000"/>
  <system-out>
    <![CDATA[Inconsistent bug]]>
  </system-out>
  <testcase classname="testngFlag.Flag3" name="login" time="0.001"/>
  <system-out>
    <![CDATA[Inconsistent bug]]>
  </system-out>
  <testcase classname="testngFlag.Flag3" name="login" time="0.001"/>
  <system-out>
    <![CDATA[Inconsistent bug]]>
  </system-out>
  <testcase classname="testngFlag.Flag3" name="login" time="0.001"/>
  <system-out>
    <![CDATA[Inconsistent bug]]>
  </system-out>
  <testcase classname="testngFlag.Flag3" name="login" time="0.000"/>
  <system-out>
    <![CDATA[Inconsistent bug]]>
  </system-out>
  <testcase classname="testngFlag.Flag3" name="login" time="0.007"/>
  <system-out>
    <![CDATA[Inconsistent bug]]>
  </system-out>
  <testcase classname="testngFlag.Flag3" name="login" time="0.003"/>
  <system-out>
    <![CDATA[Inconsistent bug]]>
  </system-out>
  <testcase classname="testngFlag.Flag3" name="login" time="0.001"/>
  <system-out>
    <![CDATA[Inconsistent bug]]>
  </system-out>
  <testcase classname="testngFlag.Flag3" name="login" time="0.000"/>
  <system-out>
    <![CDATA[Inconsistent bug]]>
  </system-out>
  <testcase classname="testngFlag.Flag3" name="login" time="0.000"/>
  <system-out>
    <![CDATA[Inconsistent bug]]>
  </system-out>
  <testcase classname="testngFlag.Flag3" name="login" time="0.001"/>
  <system-out>
    <![CDATA[Inconsistent bug]]>
  </system-out>
  <testcase classname="testngFlag.Flag3" name="login" time="0.001"/>
  <system-out>
    <![CDATA[Inconsistent bug]]>
  </system-out>
  <testcase classname="testngFlag.Flag3" name="login" time="0.001"/>
  <system-out>
    <![CDATA[Inconsistent bug]]>
  </system-out>
  <testcase classname="testngFlag.Flag3" name="login" time="0.001"/>
  <system-out>
    <![CDATA[Inconsistent bug]]>
  </system-out>
  <testcase classname="testngFlag.Flag3" name="login" time="0.000"/>
  <system-out>
    <![CDATA[Inconsistent bug]]>
  </system-out>
  <testcase classname="testngFlag.Flag3" name="login" time="0.001"/>
  <system-out>
    <![CDATA[Inconsistent bug]]>
  </system-out>
  <testcase classname="testngFlag.Flag3" name="login" time="0.000"/>
  <system-out>
    <![CDATA[Inconsistent bug]]>
  </system-out>
  <testcase classname="testngFlag.Flag3" name="login" time="0.001"/>
  <system-out>
    <![CDATA[Inconsistent bug]]>
  </system-out>
  <testcase classname="testngFlag.Flag3" name="login" time="0.001"/>
  <system-out>
    <![CDATA[Inconsistent bug]]>
  </system-out>
  <testcase classname="testngFlag.Flag3" name="login" time="0.000"/>
  <system-out>
    <![CDATA[Inconsistent bug]]>
  </system-out>
  <testcase classname="testngFlag.Flag3" name="login" time="0.000"/>
  <system-out>
    <![CDATA[Inconsistent bug]]>
  </system-out>
  <testcase classname="testngFlag.Flag3" name="login" time="0.001"/>
  <system-out>
    <![CDATA[Inconsistent bug]]>
  </system-out>
  <testcase classname="testngFlag.Flag3" name="login" time="0.005"/>
  <system-out>
    <![CDATA[Inconsistent bug]]>
  </system-out>
  <testcase classname="testngFlag.Flag3" name="login" time="0.003"/>
  <system-out>
    <![CDATA[Inconsistent bug]]>
  </system-out>
  <testcase classname="testngFlag.Flag3" name="login" time="0.001"/>
  <system-out>
    <![CDATA[Inconsistent bug]]>
  </system-out>
  <testcase classname="testngFlag.Flag3" name="login" time="0.001"/>
  <system-out>
    <![CDATA[Inconsistent bug]]>
  </system-out>
  <testcase classname="testngFlag.Flag3" name="login" time="0.001"/>
  <system-out>
    <![CDATA[Inconsistent bug]]>
  </system-out>
  <testcase classname="testngFlag.Flag3" name="login" time="0.001"/>
  <system-out>
    <![CDATA[Inconsistent bug]]>
  </system-out>
  <testcase classname="testngFlag.Flag3" name="login" time="0.001"/>
  <system-out>
    <![CDATA[Inconsistent bug]]>
  </system-out>
  <testcase classname="testngFlag.Flag3" name="login" time="0.001"/>
  <system-out>
    <![CDATA[Inconsistent bug]]>
  </system-out>
  <testcase classname="testngFlag.Flag3" name="login" time="0.001"/>
  <system-out>
    <![CDATA[Inconsistent bug]]>
  </system-out>
  <testcase classname="testngFlag.Flag3" name="login" time="0.000"/>
  <system-out>
    <![CDATA[Inconsistent bug]]>
  </system-out>
  <testcase classname="testngFlag.Flag3" name="login" time="0.001"/>
  <system-out>
    <![CDATA[Inconsistent bug]]>
  </system-out>
  <testcase classname="testngFlag.Flag3" name="login" time="0.000"/>
  <system-out>
    <![CDATA[Inconsistent bug]]>
  </system-out>
  <testcase classname="testngFlag.Flag3" name="login" time="0.001"/>
  <system-out>
    <![CDATA[Inconsistent bug]]>
  </system-out>
  <testcase classname="testngFlag.Flag3" name="login" time="0.001"/>
  <system-out>
    <![CDATA[Inconsistent bug]]>
  </system-out>
  <testcase classname="testngFlag.Flag3" name="login" time="0.000"/>
  <system-out>
    <![CDATA[Inconsistent bug]]>
  </system-out>
  <testcase classname="testngFlag.Flag3" name="login" time="0.001"/>
  <system-out>
    <![CDATA[Inconsistent bug]]>
  </system-out>
</testsuite> <!-- testngFlag.Flag3 -->
