<?xml version="1.0" encoding="UTF-8"?>
<!-- Generated by org.testng.reporters.JUnitXMLReporter -->
<testsuite ignored="0" hostname="DESKTOP-148C48N" failures="0" tests="5" name="Default test" time="21.714" errors="0" timestamp="2022-06-10T08:56:32 IST">
  <testcase classname="annotationTestNG.DataProvider" name="loginToActiTime" time="0.338"/>
  <testcase classname="annotationTestNG.DataProvider" name="loginToActiTime" time="0.382"/>
  <testcase classname="annotationTestNG.DataProvider" name="loginToActiTime" time="0.312"/>
  <testcase classname="annotationTestNG.DataProvider" name="loginToActiTime" time="0.324"/>
  <testcase classname="annotationTestNG.DataProvider" name="loginToActiTime" time="0.308"/>
</testsuite> <!-- Default test -->
