<?xml version="1.0" encoding="UTF-8"?>
<testng-results ignored="0" total="5" passed="5" failed="0" skipped="0">
  <reporter-output>
  </reporter-output>
  <suite started-at="2022-06-10T08:56:10 IST" name="Default suite" finished-at="2022-06-10T08:56:32 IST" duration-ms="21714">
    <groups>
    </groups>
    <test started-at="2022-06-10T08:56:10 IST" name="Default test" finished-at="2022-06-10T08:56:32 IST" duration-ms="21714">
      <class name="annotationTestNG.DataProvider">
        <test-method is-config="true" signature="setUp()[pri:0, instance:annotationTestNG.DataProvider@66498326]" started-at="2022-06-10T08:56:11 IST" name="setUp" finished-at="2022-06-10T08:56:16 IST" duration-ms="5654" status="PASS">
          <reporter-output>
          </reporter-output>
        </test-method> <!-- setUp -->
        <test-method signature="loginToActiTime(java.lang.String,java.lang.String)[pri:0, instance:annotationTestNG.DataProvider@66498326]" started-at="2022-06-10T08:56:16 IST" name="loginToActiTime" data-provider="testActiTimeData" finished-at="2022-06-10T08:56:16 IST" duration-ms="338" status="PASS">
          <params>
            <param index="0">
              <value>
                <![CDATA[admin]]>
              </value>
            </param>
            <param index="1">
              <value>
                <![CDATA[man ager]]>
              </value>
            </param>
          </params>
          <reporter-output>
          </reporter-output>
        </test-method> <!-- loginToActiTime -->
        <test-method is-config="true" signature="tearDown()[pri:0, instance:annotationTestNG.DataProvider@66498326]" started-at="2022-06-10T08:56:17 IST" name="tearDown" finished-at="2022-06-10T08:56:17 IST" duration-ms="454" status="PASS">
          <reporter-output>
          </reporter-output>
        </test-method> <!-- tearDown -->
        <test-method is-config="true" signature="setUp()[pri:0, instance:annotationTestNG.DataProvider@66498326]" started-at="2022-06-10T08:56:17 IST" name="setUp" finished-at="2022-06-10T08:56:20 IST" duration-ms="3137" status="PASS">
          <reporter-output>
          </reporter-output>
        </test-method> <!-- setUp -->
        <test-method signature="loginToActiTime(java.lang.String,java.lang.String)[pri:0, instance:annotationTestNG.DataProvider@66498326]" started-at="2022-06-10T08:56:20 IST" name="loginToActiTime" data-provider="testActiTimeData" finished-at="2022-06-10T08:56:20 IST" duration-ms="382" status="PASS">
          <params>
            <param index="0">
              <value>
                <![CDATA[admin123]]>
              </value>
            </param>
            <param index="1">
              <value>
                <![CDATA[manager123]]>
              </value>
            </param>
          </params>
          <reporter-output>
          </reporter-output>
        </test-method> <!-- loginToActiTime -->
        <test-method is-config="true" signature="tearDown()[pri:0, instance:annotationTestNG.DataProvider@66498326]" started-at="2022-06-10T08:56:20 IST" name="tearDown" finished-at="2022-06-10T08:56:21 IST" duration-ms="322" status="PASS">
          <reporter-output>
          </reporter-output>
        </test-method> <!-- tearDown -->
        <test-method is-config="true" signature="setUp()[pri:0, instance:annotationTestNG.DataProvider@66498326]" started-at="2022-06-10T08:56:21 IST" name="setUp" finished-at="2022-06-10T08:56:24 IST" duration-ms="3176" status="PASS">
          <reporter-output>
          </reporter-output>
        </test-method> <!-- setUp -->
        <test-method signature="loginToActiTime(java.lang.String,java.lang.String)[pri:0, instance:annotationTestNG.DataProvider@66498326]" started-at="2022-06-10T08:56:24 IST" name="loginToActiTime" data-provider="testActiTimeData" finished-at="2022-06-10T08:56:24 IST" duration-ms="312" status="PASS">
          <params>
            <param index="0">
              <value>
                <![CDATA[@123]]>
              </value>
            </param>
            <param index="1">
              <value>
                <![CDATA[manger]]>
              </value>
            </param>
          </params>
          <reporter-output>
          </reporter-output>
        </test-method> <!-- loginToActiTime -->
        <test-method is-config="true" signature="tearDown()[pri:0, instance:annotationTestNG.DataProvider@66498326]" started-at="2022-06-10T08:56:24 IST" name="tearDown" finished-at="2022-06-10T08:56:25 IST" duration-ms="347" status="PASS">
          <reporter-output>
          </reporter-output>
        </test-method> <!-- tearDown -->
        <test-method is-config="true" signature="setUp()[pri:0, instance:annotationTestNG.DataProvider@66498326]" started-at="2022-06-10T08:56:25 IST" name="setUp" finished-at="2022-06-10T08:56:28 IST" duration-ms="3009" status="PASS">
          <reporter-output>
          </reporter-output>
        </test-method> <!-- setUp -->
        <test-method signature="loginToActiTime(java.lang.String,java.lang.String)[pri:0, instance:annotationTestNG.DataProvider@66498326]" started-at="2022-06-10T08:56:28 IST" name="loginToActiTime" data-provider="testActiTimeData" finished-at="2022-06-10T08:56:28 IST" duration-ms="324" status="PASS">
          <params>
            <param index="0">
              <value>
                <![CDATA[admin12]]>
              </value>
            </param>
            <param index="1">
              <value>
                <![CDATA[manager]]>
              </value>
            </param>
          </params>
          <reporter-output>
          </reporter-output>
        </test-method> <!-- loginToActiTime -->
        <test-method is-config="true" signature="tearDown()[pri:0, instance:annotationTestNG.DataProvider@66498326]" started-at="2022-06-10T08:56:28 IST" name="tearDown" finished-at="2022-06-10T08:56:28 IST" duration-ms="308" status="PASS">
          <reporter-output>
          </reporter-output>
        </test-method> <!-- tearDown -->
        <test-method is-config="true" signature="setUp()[pri:0, instance:annotationTestNG.DataProvider@66498326]" started-at="2022-06-10T08:56:28 IST" name="setUp" finished-at="2022-06-10T08:56:32 IST" duration-ms="3214" status="PASS">
          <reporter-output>
          </reporter-output>
        </test-method> <!-- setUp -->
        <test-method signature="loginToActiTime(java.lang.String,java.lang.String)[pri:0, instance:annotationTestNG.DataProvider@66498326]" started-at="2022-06-10T08:56:32 IST" name="loginToActiTime" data-provider="testActiTimeData" finished-at="2022-06-10T08:56:32 IST" duration-ms="308" status="PASS">
          <params>
            <param index="0">
              <value>
                <![CDATA[admin@123]]>
              </value>
            </param>
            <param index="1">
              <value>
                <![CDATA[manager]]>
              </value>
            </param>
          </params>
          <reporter-output>
          </reporter-output>
        </test-method> <!-- loginToActiTime -->
        <test-method is-config="true" signature="tearDown()[pri:0, instance:annotationTestNG.DataProvider@66498326]" started-at="2022-06-10T08:56:32 IST" name="tearDown" finished-at="2022-06-10T08:56:32 IST" duration-ms="320" status="PASS">
          <reporter-output>
          </reporter-output>
        </test-method> <!-- tearDown -->
      </class> <!-- annotationTestNG.DataProvider -->
    </test> <!-- Default test -->
  </suite> <!-- Default suite -->
</testng-results>
