<?xml version="1.0" encoding="UTF-8"?>
<testng-results ignored="0" total="1" passed="1" failed="0" skipped="0">
  <reporter-output>
    <line>
      <![CDATA[Before Suite]]>
    </line>
    <line>
      <![CDATA[Before Test]]>
    </line>
    <line>
      <![CDATA[Before Class]]>
    </line>
    <line>
      <![CDATA[Before Method]]>
    </line>
    <line>
      <![CDATA[Test Case]]>
    </line>
    <line>
      <![CDATA[After Method]]>
    </line>
    <line>
      <![CDATA[After Class]]>
    </line>
    <line>
      <![CDATA[After Test]]>
    </line>
    <line>
      <![CDATA[After Suite]]>
    </line>
  </reporter-output>
  <suite started-at="2022-06-08T10:26:19 IST" name="Default suite" finished-at="2022-06-08T10:26:19 IST" duration-ms="101">
    <groups>
    </groups>
    <test started-at="2022-06-08T10:26:19 IST" name="Default test" finished-at="2022-06-08T10:26:19 IST" duration-ms="101">
      <class name="annotationTestNG.Annotations">
        <test-method is-config="true" signature="beforeSuite()[pri:0, instance:annotationTestNG.Annotations@3c73951]" started-at="2022-06-08T10:26:19 IST" name="beforeSuite" finished-at="2022-06-08T10:26:19 IST" duration-ms="19" status="PASS">
          <reporter-output>
            <line>
              <![CDATA[Before Suite]]>
            </line>
          </reporter-output>
        </test-method> <!-- beforeSuite -->
        <test-method is-config="true" signature="beforeTest()[pri:0, instance:annotationTestNG.Annotations@3c73951]" started-at="2022-06-08T10:26:19 IST" name="beforeTest" finished-at="2022-06-08T10:26:19 IST" duration-ms="1" status="PASS">
          <reporter-output>
            <line>
              <![CDATA[Before Test]]>
            </line>
          </reporter-output>
        </test-method> <!-- beforeTest -->
        <test-method is-config="true" signature="beforeClass()[pri:0, instance:annotationTestNG.Annotations@3c73951]" started-at="2022-06-08T10:26:19 IST" name="beforeClass" finished-at="2022-06-08T10:26:19 IST" duration-ms="2" status="PASS">
          <reporter-output>
            <line>
              <![CDATA[Before Class]]>
            </line>
          </reporter-output>
        </test-method> <!-- beforeClass -->
        <test-method is-config="true" signature="beforeMethod()[pri:0, instance:annotationTestNG.Annotations@3c73951]" started-at="2022-06-08T10:26:19 IST" name="beforeMethod" finished-at="2022-06-08T10:26:19 IST" duration-ms="1" status="PASS">
          <reporter-output>
            <line>
              <![CDATA[Before Method]]>
            </line>
          </reporter-output>
        </test-method> <!-- beforeMethod -->
        <test-method signature="testCase()[pri:0, instance:annotationTestNG.Annotations@3c73951]" started-at="2022-06-08T10:26:19 IST" name="testCase" finished-at="2022-06-08T10:26:19 IST" duration-ms="14" status="PASS">
          <reporter-output>
            <line>
              <![CDATA[Test Case]]>
            </line>
          </reporter-output>
        </test-method> <!-- testCase -->
        <test-method is-config="true" signature="afterMethod()[pri:0, instance:annotationTestNG.Annotations@3c73951]" started-at="2022-06-08T10:26:19 IST" name="afterMethod" finished-at="2022-06-08T10:26:19 IST" duration-ms="1" status="PASS">
          <reporter-output>
            <line>
              <![CDATA[After Method]]>
            </line>
          </reporter-output>
        </test-method> <!-- afterMethod -->
        <test-method is-config="true" signature="afterClass()[pri:0, instance:annotationTestNG.Annotations@3c73951]" started-at="2022-06-08T10:26:19 IST" name="afterClass" finished-at="2022-06-08T10:26:19 IST" duration-ms="0" status="PASS">
          <reporter-output>
            <line>
              <![CDATA[After Class]]>
            </line>
          </reporter-output>
        </test-method> <!-- afterClass -->
        <test-method is-config="true" signature="afterTest()[pri:0, instance:annotationTestNG.Annotations@3c73951]" started-at="2022-06-08T10:26:19 IST" name="afterTest" finished-at="2022-06-08T10:26:19 IST" duration-ms="1" status="PASS">
          <reporter-output>
            <line>
              <![CDATA[After Test]]>
            </line>
          </reporter-output>
        </test-method> <!-- afterTest -->
        <test-method is-config="true" signature="afterSuite()[pri:0, instance:annotationTestNG.Annotations@3c73951]" started-at="2022-06-08T10:26:20 IST" name="afterSuite" finished-at="2022-06-08T10:26:20 IST" duration-ms="0" status="PASS">
          <reporter-output>
            <line>
              <![CDATA[After Suite]]>
            </line>
          </reporter-output>
        </test-method> <!-- afterSuite -->
      </class> <!-- annotationTestNG.Annotations -->
    </test> <!-- Default test -->
  </suite> <!-- Default suite -->
</testng-results>
